SF:/Users/mykolborghese/rust-backend/src/api/dtos/admin_dto.rs
FN:37,_RNvXNtNtNtCscP9pq2ikS3v_12rust_backend3api4dtos9admin_dtoNtB2_12AdminUserRowNtNtCsezyhsC6CBT9_4core3fmt5Debug3fmt
FN:72,_RNvXs_NtNtNtCscP9pq2ikS3v_12rust_backend3api4dtos9admin_dtoNtB4_23AdminUserDetailResponseNtNtCsezyhsC6CBT9_4core3fmt5Debug3fmt
FN:146,_RNvNtNtNtNtCs4kTbYauoumE_12rust_backend3api4dtos9admin_dto5testss_42admin_user_detail_debug_redacts_pii_fields
FN:72,_RNvXs_NtNtNtCs4kTbYauoumE_12rust_backend3api4dtos9admin_dtoNtB4_23AdminUserDetailResponseNtNtCsezyhsC6CBT9_4core3fmt5Debug3fmt
FN:37,_RNvXNtNtNtCs4kTbYauoumE_12rust_backend3api4dtos9admin_dtoNtB2_12AdminUserRowNtNtCsezyhsC6CBT9_4core3fmt5Debug3fmt
FNDA:0,_RNvXNtNtNtCscP9pq2ikS3v_12rust_backend3api4dtos9admin_dtoNtB2_12AdminUserRowNtNtCsezyhsC6CBT9_4core3fmt5Debug3fmt
FNDA:0,_RNvXs_NtNtNtCscP9pq2ikS3v_12rust_backend3api4dtos9admin_dtoNtB4_23AdminUserDetailResponseNtNtCsezyhsC6CBT9_4core3fmt5Debug3fmt
FNDA:1,_RNvNtNtNtNtCs4kTbYauoumE_12rust_backend3api4dtos9admin_dto5testss_42admin_user_detail_debug_redacts_pii_fields
FNDA:1,_RNvXs_NtNtNtCs4kTbYauoumE_12rust_backend3api4dtos9admin_dtoNtB4_23AdminUserDetailResponseNtNtCsezyhsC6CBT9_4core3fmt5Debug3fmt
FNDA:0,_RNvXNtNtNtCs4kTbYauoumE_12rust_backend3api4dtos9admin_dtoNtB2_12AdminUserRowNtNtCsezyhsC6CBT9_4core3fmt5Debug3fmt
FNF:3
FNH:2
DA:37,0
DA:38,0
DA:39,0
DA:40,0
DA:41,0
DA:42,0
DA:43,0
DA:44,0
DA:45,0
DA:46,0
DA:47,0
DA:72,1
DA:73,1
DA:74,1
DA:75,1
DA:76,1
DA:77,1
DA:78,1
DA:79,1
DA:80,1
DA:81,1
DA:83,1
DA:84,1
DA:85,1
DA:86,1
DA:87,1
DA:146,1
DA:147,1
DA:148,1
DA:149,1
DA:150,1
DA:151,1
DA:152,1
DA:153,1
DA:154,1
DA:155,1
DA:156,1
DA:157,1
DA:159,1
DA:160,1
DA:161,1
DA:162,1
DA:163,1
DA:164,1
BRF:0
BRH:0
LF:44
LH:33
end_of_record
SF:/Users/mykolborghese/rust-backend/src/api/dtos/common.rs
FN:30,_RNvNtNtNtCscP9pq2ikS3v_12rust_backend3api4dtos6common12default_page
FN:34,_RNvNtNtNtCscP9pq2ikS3v_12rust_backend3api4dtos6common13default_limit
FN:30,_RNvNtNtNtCs4kTbYauoumE_12rust_backend3api4dtos6common12default_page
FN:34,_RNvNtNtNtCs4kTbYauoumE_12rust_backend3api4dtos6common13default_limit
FNDA:0,_RNvNtNtNtCscP9pq2ikS3v_12rust_backend3api4dtos6common12default_page
FNDA:0,_RNvNtNtNtCscP9pq2ikS3v_12rust_backend3api4dtos6common13default_limit
FNDA:0,_RNvNtNtNtCs4kTbYauoumE_12rust_backend3api4dtos6common12default_page
FNDA:0,_RNvNtNtNtCs4kTbYauoumE_12rust_backend3api4dtos6common13default_limit
FNF:2
FNH:0
DA:30,0
DA:31,0
DA:32,0
DA:34,0
DA:35,0
DA:36,0
BRF:0
BRH:0
LF:6
LH:0
end_of_record
SF:/Users/mykolborghese/rust-backend/src/api/dtos/equipment_dto.rs
FN:104,_RINvNtNtNtCscP9pq2ikS3v_12rust_backend3api4dtos13equipment_dto32deserialize_optional_query_valueNtNtCs27oXQVB6wJg_16serde_urlencoded2de4PartNtCsjP3nRwyWT8G_4uuid4UuidEB8_
FN:104,_RINvNtNtNtCscP9pq2ikS3v_12rust_backend3api4dtos13equipment_dto32deserialize_optional_query_valueNtNtCs27oXQVB6wJg_16serde_urlencoded2de4PartNtNtCskFSvpNwgONa_12rust_decimal7decimal7DecimalEB8_
FN:104,_RINvNtNtNtCscP9pq2ikS3v_12rust_backend3api4dtos13equipment_dto32deserialize_optional_query_valueNtNtCs27oXQVB6wJg_16serde_urlencoded2de4PartbEB8_
FN:104,_RINvNtNtNtCscP9pq2ikS3v_12rust_backend3api4dtos13equipment_dto32deserialize_optional_query_valueNtNtCs27oXQVB6wJg_16serde_urlencoded2de4PartdEB8_
FN:104,_RINvNtNtNtCscP9pq2ikS3v_12rust_backend3api4dtos13equipment_dto32deserialize_optional_query_valueNtNtCs27oXQVB6wJg_16serde_urlencoded2de4PartxEB8_
FN:104,_RINvNtNtNtCs4kTbYauoumE_12rust_backend3api4dtos13equipment_dto32deserialize_optional_query_valueppEB8_
FNDA:0,_RINvNtNtNtCscP9pq2ikS3v_12rust_backend3api4dtos13equipment_dto32deserialize_optional_query_valueNtNtCs27oXQVB6wJg_16serde_urlencoded2de4PartNtCsjP3nRwyWT8G_4uuid4UuidEB8_
FNDA:0,_RINvNtNtNtCscP9pq2ikS3v_12rust_backend3api4dtos13equipment_dto32deserialize_optional_query_valueNtNtCs27oXQVB6wJg_16serde_urlencoded2de4PartNtNtCskFSvpNwgONa_12rust_decimal7decimal7DecimalEB8_
FNDA:0,_RINvNtNtNtCscP9pq2ikS3v_12rust_backend3api4dtos13equipment_dto32deserialize_optional_query_valueNtNtCs27oXQVB6wJg_16serde_urlencoded2de4PartbEB8_
FNDA:0,_RINvNtNtNtCscP9pq2ikS3v_12rust_backend3api4dtos13equipment_dto32deserialize_optional_query_valueNtNtCs27oXQVB6wJg_16serde_urlencoded2de4PartdEB8_
FNDA:0,_RINvNtNtNtCscP9pq2ikS3v_12rust_backend3api4dtos13equipment_dto32deserialize_optional_query_valueNtNtCs27oXQVB6wJg_16serde_urlencoded2de4PartxEB8_
FNDA:0,_RINvNtNtNtCs4kTbYauoumE_12rust_backend3api4dtos13equipment_dto32deserialize_optional_query_valueppEB8_
FNF:1
FNH:0
DA:104,0
DA:105,0
DA:106,0
DA:107,0
DA:108,0
DA:110,0
DA:111,0
DA:112,0
DA:115,0
DA:116,0
DA:117,0
DA:118,0
DA:120,0
DA:121,0
DA:123,0
DA:124,0
DA:125,0
DA:126,0
DA:127,0
BRF:0
BRH:0
LF:19
LH:0
end_of_record
SF:/Users/mykolborghese/rust-backend/src/api/openapi.rs
FN:56,_RNvNtNtCscP9pq2ikS3v_12rust_backend3api7openapi20configure_swagger_ui
FN:56,_RNvNtNtCs4kTbYauoumE_12rust_backend3api7openapi20configure_swagger_ui
FNDA:0,_RNvNtNtCscP9pq2ikS3v_12rust_backend3api7openapi20configure_swagger_ui
FNDA:0,_RNvNtNtCs4kTbYauoumE_12rust_backend3api7openapi20configure_swagger_ui
FNF:1
FNH:0
DA:56,0
DA:57,0
DA:58,0
DA:60,0
BRF:0
BRH:0
LF:4
LH:0
end_of_record
SF:/Users/mykolborghese/rust-backend/src/api/routes/admin.rs
FN:41,_RNvNtNtNtCscP9pq2ikS3v_12rust_backend3api6routes5admin10list_users
FN:86,_RNvNtNtNtCscP9pq2ikS3v_12rust_backend3api6routes5admin11delete_user
FN:192,_RNvNtNtNtCscP9pq2ikS3v_12rust_backend3api6routes5admin13require_admin
FN:99,_RNvNtNtNtCscP9pq2ikS3v_12rust_backend3api6routes5admin14list_equipment
FN:152,_RNvNtNtNtCscP9pq2ikS3v_12rust_backend3api6routes5admin15create_category
FN:179,_RNvNtNtNtCscP9pq2ikS3v_12rust_backend3api6routes5admin15delete_category
FN:143,_RNvNtNtNtCscP9pq2ikS3v_12rust_backend3api6routes5admin15list_categories
FN:165,_RNvNtNtNtCscP9pq2ikS3v_12rust_backend3api6routes5admin15update_category
FN:72,_RNvNtNtNtCscP9pq2ikS3v_12rust_backend3api6routes5admin16update_user_role
FN:116,_RNvNtNtNtCscP9pq2ikS3v_12rust_backend3api6routes5admin22force_delete_equipment
FN:129,_RNvNtNtNtCscP9pq2ikS3v_12rust_backend3api6routes5admin29toggle_equipment_availability
FN:59,_RNvNtNtNtCscP9pq2ikS3v_12rust_backend3api6routes5admin8get_user
FN:11,_RNvNtNtNtCscP9pq2ikS3v_12rust_backend3api6routes5admin9configure
FN:32,_RNvNtNtNtCscP9pq2ikS3v_12rust_backend3api6routes5admin9get_stats
FN:45,_RNCNvNtNtNtCscP9pq2ikS3v_12rust_backend3api6routes5admin10list_users0B9_
FN:90,_RNCNvNtNtNtCscP9pq2ikS3v_12rust_backend3api6routes5admin11delete_user0B9_
FN:103,_RNCNvNtNtNtCscP9pq2ikS3v_12rust_backend3api6routes5admin14list_equipment0B9_
FN:156,_RNCNvNtNtNtCscP9pq2ikS3v_12rust_backend3api6routes5admin15create_category0B9_
FN:183,_RNCNvNtNtNtCscP9pq2ikS3v_12rust_backend3api6routes5admin15delete_category0B9_
FN:146,_RNCNvNtNtNtCscP9pq2ikS3v_12rust_backend3api6routes5admin15list_categories0B9_
FN:170,_RNCNvNtNtNtCscP9pq2ikS3v_12rust_backend3api6routes5admin15update_category0B9_
FN:77,_RNCNvNtNtNtCscP9pq2ikS3v_12rust_backend3api6routes5admin16update_user_role0B9_
FN:120,_RNCNvNtNtNtCscP9pq2ikS3v_12rust_backend3api6routes5admin22force_delete_equipment0B9_
FN:134,_RNCNvNtNtNtCscP9pq2ikS3v_12rust_backend3api6routes5admin29toggle_equipment_availability0B9_
FN:63,_RNCNvNtNtNtCscP9pq2ikS3v_12rust_backend3api6routes5admin8get_user0B9_
FN:35,_RNCNvNtNtNtCscP9pq2ikS3v_12rust_backend3api6routes5admin9get_stats0B9_
FN:45,_RNCNvNtNtNtCs4kTbYauoumE_12rust_backend3api6routes5admin10list_users0B9_
FN:90,_RNCNvNtNtNtCs4kTbYauoumE_12rust_backend3api6routes5admin11delete_user0B9_
FN:103,_RNCNvNtNtNtCs4kTbYauoumE_12rust_backend3api6routes5admin14list_equipment0B9_
FN:156,_RNCNvNtNtNtCs4kTbYauoumE_12rust_backend3api6routes5admin15create_category0B9_
FN:183,_RNCNvNtNtNtCs4kTbYauoumE_12rust_backend3api6routes5admin15delete_category0B9_
FN:146,_RNCNvNtNtNtCs4kTbYauoumE_12rust_backend3api6routes5admin15list_categories0B9_
FN:170,_RNCNvNtNtNtCs4kTbYauoumE_12rust_backend3api6routes5admin15update_category0B9_
FN:77,_RNCNvNtNtNtCs4kTbYauoumE_12rust_backend3api6routes5admin16update_user_role0B9_
FN:120,_RNCNvNtNtNtCs4kTbYauoumE_12rust_backend3api6routes5admin22force_delete_equipment0B9_
FN:134,_RNCNvNtNtNtCs4kTbYauoumE_12rust_backend3api6routes5admin29toggle_equipment_availability0B9_
FN:63,_RNCNvNtNtNtCs4kTbYauoumE_12rust_backend3api6routes5admin8get_user0B9_
FN:35,_RNCNvNtNtNtCs4kTbYauoumE_12rust_backend3api6routes5admin9get_stats0B9_
FN:41,_RNvNtNtNtCs4kTbYauoumE_12rust_backend3api6routes5admin10list_users
FN:86,_RNvNtNtNtCs4kTbYauoumE_12rust_backend3api6routes5admin11delete_user
FN:192,_RNvNtNtNtCs4kTbYauoumE_12rust_backend3api6routes5admin13require_admin
FN:99,_RNvNtNtNtCs4kTbYauoumE_12rust_backend3api6routes5admin14list_equipment
FN:152,_RNvNtNtNtCs4kTbYauoumE_12rust_backend3api6routes5admin15create_category
FN:179,_RNvNtNtNtCs4kTbYauoumE_12rust_backend3api6routes5admin15delete_category
FN:143,_RNvNtNtNtCs4kTbYauoumE_12rust_backend3api6routes5admin15list_categories
FN:165,_RNvNtNtNtCs4kTbYauoumE_12rust_backend3api6routes5admin15update_category
FN:72,_RNvNtNtNtCs4kTbYauoumE_12rust_backend3api6routes5admin16update_user_role
FN:116,_RNvNtNtNtCs4kTbYauoumE_12rust_backend3api6routes5admin22force_delete_equipment
FN:129,_RNvNtNtNtCs4kTbYauoumE_12rust_backend3api6routes5admin29toggle_equipment_availability
FN:59,_RNvNtNtNtCs4kTbYauoumE_12rust_backend3api6routes5admin8get_user
FN:11,_RNvNtNtNtCs4kTbYauoumE_12rust_backend3api6routes5admin9configure
FN:32,_RNvNtNtNtCs4kTbYauoumE_12rust_backend3api6routes5admin9get_stats
FNDA:0,_RNvNtNtNtCscP9pq2ikS3v_12rust_backend3api6routes5admin10list_users
FNDA:0,_RNvNtNtNtCscP9pq2ikS3v_12rust_backend3api6routes5admin11delete_user
FNDA:0,_RNvNtNtNtCscP9pq2ikS3v_12rust_backend3api6routes5admin13require_admin
FNDA:0,_RNvNtNtNtCscP9pq2ikS3v_12rust_backend3api6routes5admin14list_equipment
FNDA:0,_RNvNtNtNtCscP9pq2ikS3v_12rust_backend3api6routes5admin15create_category
FNDA:0,_RNvNtNtNtCscP9pq2ikS3v_12rust_backend3api6routes5admin15delete_category
FNDA:0,_RNvNtNtNtCscP9pq2ikS3v_12rust_backend3api6routes5admin15list_categories
FNDA:0,_RNvNtNtNtCscP9pq2ikS3v_12rust_backend3api6routes5admin15update_category
FNDA:0,_RNvNtNtNtCscP9pq2ikS3v_12rust_backend3api6routes5admin16update_user_role
FNDA:0,_RNvNtNtNtCscP9pq2ikS3v_12rust_backend3api6routes5admin22force_delete_equipment
FNDA:0,_RNvNtNtNtCscP9pq2ikS3v_12rust_backend3api6routes5admin29toggle_equipment_availability
FNDA:0,_RNvNtNtNtCscP9pq2ikS3v_12rust_backend3api6routes5admin8get_user
FNDA:0,_RNvNtNtNtCscP9pq2ikS3v_12rust_backend3api6routes5admin9configure
FNDA:0,_RNvNtNtNtCscP9pq2ikS3v_12rust_backend3api6routes5admin9get_stats
FNDA:0,_RNCNvNtNtNtCscP9pq2ikS3v_12rust_backend3api6routes5admin10list_users0B9_
FNDA:0,_RNCNvNtNtNtCscP9pq2ikS3v_12rust_backend3api6routes5admin11delete_user0B9_
FNDA:0,_RNCNvNtNtNtCscP9pq2ikS3v_12rust_backend3api6routes5admin14list_equipment0B9_
FNDA:0,_RNCNvNtNtNtCscP9pq2ikS3v_12rust_backend3api6routes5admin15create_category0B9_
FNDA:0,_RNCNvNtNtNtCscP9pq2ikS3v_12rust_backend3api6routes5admin15delete_category0B9_
FNDA:0,_RNCNvNtNtNtCscP9pq2ikS3v_12rust_backend3api6routes5admin15list_categories0B9_
FNDA:0,_RNCNvNtNtNtCscP9pq2ikS3v_12rust_backend3api6routes5admin15update_category0B9_
FNDA:0,_RNCNvNtNtNtCscP9pq2ikS3v_12rust_backend3api6routes5admin16update_user_role0B9_
FNDA:0,_RNCNvNtNtNtCscP9pq2ikS3v_12rust_backend3api6routes5admin22force_delete_equipment0B9_
FNDA:0,_RNCNvNtNtNtCscP9pq2ikS3v_12rust_backend3api6routes5admin29toggle_equipment_availability0B9_
FNDA:0,_RNCNvNtNtNtCscP9pq2ikS3v_12rust_backend3api6routes5admin8get_user0B9_
FNDA:0,_RNCNvNtNtNtCscP9pq2ikS3v_12rust_backend3api6routes5admin9get_stats0B9_
FNDA:0,_RNCNvNtNtNtCs4kTbYauoumE_12rust_backend3api6routes5admin10list_users0B9_
FNDA:0,_RNCNvNtNtNtCs4kTbYauoumE_12rust_backend3api6routes5admin11delete_user0B9_
FNDA:0,_RNCNvNtNtNtCs4kTbYauoumE_12rust_backend3api6routes5admin14list_equipment0B9_
FNDA:0,_RNCNvNtNtNtCs4kTbYauoumE_12rust_backend3api6routes5admin15create_category0B9_
FNDA:0,_RNCNvNtNtNtCs4kTbYauoumE_12rust_backend3api6routes5admin15delete_category0B9_
FNDA:0,_RNCNvNtNtNtCs4kTbYauoumE_12rust_backend3api6routes5admin15list_categories0B9_
FNDA:0,_RNCNvNtNtNtCs4kTbYauoumE_12rust_backend3api6routes5admin15update_category0B9_
FNDA:0,_RNCNvNtNtNtCs4kTbYauoumE_12rust_backend3api6routes5admin16update_user_role0B9_
FNDA:0,_RNCNvNtNtNtCs4kTbYauoumE_12rust_backend3api6routes5admin22force_delete_equipment0B9_
FNDA:0,_RNCNvNtNtNtCs4kTbYauoumE_12rust_backend3api6routes5admin29toggle_equipment_availability0B9_
FNDA:0,_RNCNvNtNtNtCs4kTbYauoumE_12rust_backend3api6routes5admin8get_user0B9_
FNDA:0,_RNCNvNtNtNtCs4kTbYauoumE_12rust_backend3api6routes5admin9get_stats0B9_
FNDA:0,_RNvNtNtNtCs4kTbYauoumE_12rust_backend3api6routes5admin10list_users
FNDA:0,_RNvNtNtNtCs4kTbYauoumE_12rust_backend3api6routes5admin11delete_user
FNDA:0,_RNvNtNtNtCs4kTbYauoumE_12rust_backend3api6routes5admin13require_admin
FNDA:0,_RNvNtNtNtCs4kTbYauoumE_12rust_backend3api6routes5admin14list_equipment
FNDA:0,_RNvNtNtNtCs4kTbYauoumE_12rust_backend3api6routes5admin15create_category
FNDA:0,_RNvNtNtNtCs4kTbYauoumE_12rust_backend3api6routes5admin15delete_category
FNDA:0,_RNvNtNtNtCs4kTbYauoumE_12rust_backend3api6routes5admin15list_categories
FNDA:0,_RNvNtNtNtCs4kTbYauoumE_12rust_backend3api6routes5admin15update_category
FNDA:0,_RNvNtNtNtCs4kTbYauoumE_12rust_backend3api6routes5admin16update_user_role
FNDA:0,_RNvNtNtNtCs4kTbYauoumE_12rust_backend3api6routes5admin22force_delete_equipment
FNDA:0,_RNvNtNtNtCs4kTbYauoumE_12rust_backend3api6routes5admin29toggle_equipment_availability
FNDA:0,_RNvNtNtNtCs4kTbYauoumE_12rust_backend3api6routes5admin8get_user
FNDA:0,_RNvNtNtNtCs4kTbYauoumE_12rust_backend3api6routes5admin9configure
FNDA:0,_RNvNtNtNtCs4kTbYauoumE_12rust_backend3api6routes5admin9get_stats
FNF:26
FNH:0
DA:11,0
DA:12,0
DA:13,0
DA:14,0
DA:15,0
DA:16,0
DA:17,0
DA:18,0
DA:19,0
DA:20,0
DA:21,0
DA:22,0
DA:23,0
DA:25,0
DA:26,0
DA:27,0
DA:28,0
DA:30,0
DA:32,0
DA:33,0
DA:34,0
DA:35,0
DA:36,0
DA:37,0
DA:38,0
DA:39,0
DA:41,0
DA:42,0
DA:43,0
DA:44,0
DA:45,0
DA:46,0
DA:47,0
DA:48,0
DA:49,0
DA:50,0
DA:51,0
DA:52,0
DA:53,0
DA:54,0
DA:55,0
DA:56,0
DA:57,0
DA:59,0
DA:60,0
DA:61,0
DA:62,0
DA:63,0
DA:64,0
DA:65,0
DA:66,0
DA:67,0
DA:68,0
DA:69,0
DA:70,0
DA:72,0
DA:73,0
DA:74,0
DA:75,0
DA:76,0
DA:77,0
DA:78,0
DA:79,0
DA:80,0
DA:81,0
DA:82,0
DA:83,0
DA:84,0
DA:86,0
DA:87,0
DA:88,0
DA:89,0
DA:90,0
DA:91,0
DA:92,0
DA:93,0
DA:94,0
DA:95,0
DA:96,0
DA:97,0
DA:99,0
DA:100,0
DA:101,0
DA:102,0
DA:103,0
DA:104,0
DA:105,0
DA:106,0
DA:107,0
DA:108,0
DA:109,0
DA:110,0
DA:111,0
DA:112,0
DA:113,0
DA:114,0
DA:116,0
DA:117,0
DA:118,0
DA:119,0
DA:120,0
DA:121,0
DA:122,0
DA:123,0
DA:124,0
DA:125,0
DA:126,0
DA:127,0
DA:129,0
DA:130,0
DA:131,0
DA:132,0
DA:133,0
DA:134,0
DA:135,0
DA:136,0
DA:137,0
DA:138,0
DA:139,0
DA:140,0
DA:141,0
DA:143,0
DA:144,0
DA:145,0
DA:146,0
DA:147,0
DA:148,0
DA:149,0
DA:150,0
DA:152,0
DA:153,0
DA:154,0
DA:155,0
DA:156,0
DA:157,0
DA:158,0
DA:159,0
DA:160,0
DA:161,0
DA:162,0
DA:163,0
DA:165,0
DA:166,0
DA:167,0
DA:168,0
DA:169,0
DA:170,0
DA:171,0
DA:172,0
DA:173,0
DA:174,0
DA:175,0
DA:176,0
DA:177,0
DA:179,0
DA:180,0
DA:181,0
DA:182,0
DA:183,0
DA:184,0
DA:185,0
DA:186,0
DA:187,0
DA:188,0
DA:189,0
DA:190,0
DA:192,0
DA:193,0
DA:194,0
DA:195,0
DA:196,0
DA:197,0
DA:198,0
DA:199,0
BRF:0
BRH:0
LF:186
LH:0
end_of_record
SF:/Users/mykolborghese/rust-backend/src/api/routes/auth.rs
FN:238,_RNCNCNvNtNtNtCscP9pq2ikS3v_12rust_backend3api6routes4auth11auth0_login00Bb_
FN:143,_RNCNCNvNtNtNtCscP9pq2ikS3v_12rust_backend3api6routes4auth12auth0_signup00Bb_
FN:188,_RNCNCNvNtNtNtCscP9pq2ikS3v_12rust_backend3api6routes4auth19provisioning_claims00Bb_
FN:192,_RNCNCNvNtNtNtCscP9pq2ikS3v_12rust_backend3api6routes4auth19provisioning_claimss1_00Bb_
FN:228,_RNCNvNtNtNtCscP9pq2ikS3v_12rust_backend3api6routes4auth11auth0_login0B9_
FN:119,_RNCNvNtNtNtCscP9pq2ikS3v_12rust_backend3api6routes4auth12auth0_signup0B9_
FN:38,_RNCNvNtNtNtCscP9pq2ikS3v_12rust_backend3api6routes4auth17validate_password0B9_
FN:48,_RNCNvNtNtNtCscP9pq2ikS3v_12rust_backend3api6routes4auth17validate_passwords0_0B9_
FN:53,_RNCNvNtNtNtCscP9pq2ikS3v_12rust_backend3api6routes4auth17validate_passwords1_0B9_
FN:43,_RNCNvNtNtNtCscP9pq2ikS3v_12rust_backend3api6routes4auth17validate_passwords_0B9_
FN:188,_RNCNvNtNtNtCscP9pq2ikS3v_12rust_backend3api6routes4auth19provisioning_claims0B9_
FN:191,_RNCNvNtNtNtCscP9pq2ikS3v_12rust_backend3api6routes4auth19provisioning_claimss0_0B9_
FN:192,_RNCNvNtNtNtCscP9pq2ikS3v_12rust_backend3api6routes4auth19provisioning_claimss1_0B9_
FN:193,_RNCNvNtNtNtCscP9pq2ikS3v_12rust_backend3api6routes4auth19provisioning_claimss2_0B9_
FN:189,_RNCNvNtNtNtCscP9pq2ikS3v_12rust_backend3api6routes4auth19provisioning_claimss_0B9_
FN:94,_RNCNvNtNtNtCscP9pq2ikS3v_12rust_backend3api6routes4auth2me0B9_
FN:224,_RNvNtNtNtCscP9pq2ikS3v_12rust_backend3api6routes4auth11auth0_login
FN:115,_RNvNtNtNtCscP9pq2ikS3v_12rust_backend3api6routes4auth12auth0_signup
FN:27,_RNvNtNtNtCscP9pq2ikS3v_12rust_backend3api6routes4auth17validate_password
FN:180,_RNvNtNtNtCscP9pq2ikS3v_12rust_backend3api6routes4auth19provisioning_claims
FN:94,_RNvNtNtNtCscP9pq2ikS3v_12rust_backend3api6routes4auth2me
FN:253,_RNvNtNtNtCscP9pq2ikS3v_12rust_backend3api6routes4auth9client_ip
FN:12,_RNvNtNtNtCscP9pq2ikS3v_12rust_backend3api6routes4auth9configure
FN:188,_RNCNCNvNtNtNtCs4kTbYauoumE_12rust_backend3api6routes4auth19provisioning_claims00Bb_
FN:192,_RNCNCNvNtNtNtCs4kTbYauoumE_12rust_backend3api6routes4auth19provisioning_claimss1_00Bb_
FN:188,_RNCNvNtNtNtCs4kTbYauoumE_12rust_backend3api6routes4auth19provisioning_claims0B9_
FN:191,_RNCNvNtNtNtCs4kTbYauoumE_12rust_backend3api6routes4auth19provisioning_claimss0_0B9_
FN:192,_RNCNvNtNtNtCs4kTbYauoumE_12rust_backend3api6routes4auth19provisioning_claimss1_0B9_
FN:193,_RNCNvNtNtNtCs4kTbYauoumE_12rust_backend3api6routes4auth19provisioning_claimss2_0B9_
FN:189,_RNCNvNtNtNtCs4kTbYauoumE_12rust_backend3api6routes4auth19provisioning_claimss_0B9_
FN:180,_RNvNtNtNtCs4kTbYauoumE_12rust_backend3api6routes4auth19provisioning_claims
FN:253,_RNvNtNtNtCs4kTbYauoumE_12rust_backend3api6routes4auth9client_ip
FN:238,_RNCNCNvNtNtNtCs4kTbYauoumE_12rust_backend3api6routes4auth11auth0_login00Bb_
FN:143,_RNCNCNvNtNtNtCs4kTbYauoumE_12rust_backend3api6routes4auth12auth0_signup00Bb_
FN:228,_RNCNvNtNtNtCs4kTbYauoumE_12rust_backend3api6routes4auth11auth0_login0B9_
FN:119,_RNCNvNtNtNtCs4kTbYauoumE_12rust_backend3api6routes4auth12auth0_signup0B9_
FN:38,_RNCNvNtNtNtCs4kTbYauoumE_12rust_backend3api6routes4auth17validate_password0B9_
FN:48,_RNCNvNtNtNtCs4kTbYauoumE_12rust_backend3api6routes4auth17validate_passwords0_0B9_
FN:53,_RNCNvNtNtNtCs4kTbYauoumE_12rust_backend3api6routes4auth17validate_passwords1_0B9_
FN:43,_RNCNvNtNtNtCs4kTbYauoumE_12rust_backend3api6routes4auth17validate_passwords_0B9_
FN:94,_RNCNvNtNtNtCs4kTbYauoumE_12rust_backend3api6routes4auth2me0B9_
FN:224,_RNvNtNtNtCs4kTbYauoumE_12rust_backend3api6routes4auth11auth0_login
FN:115,_RNvNtNtNtCs4kTbYauoumE_12rust_backend3api6routes4auth12auth0_signup
FN:27,_RNvNtNtNtCs4kTbYauoumE_12rust_backend3api6routes4auth17validate_password
FN:94,_RNvNtNtNtCs4kTbYauoumE_12rust_backend3api6routes4auth2me
FN:12,_RNvNtNtNtCs4kTbYauoumE_12rust_backend3api6routes4auth9configure
FN:274,_RNvNtNtNtNtCs4kTbYauoumE_12rust_backend3api6routes4auth5testss_45client_ip_uses_forwarded_address_when_present
FN:268,_RNvNtNtNtNtCs4kTbYauoumE_12rust_backend3api6routes4auth5testss_48client_ip_returns_none_without_forwarded_address
FN:320,_RNvNtNtNtNtCs4kTbYauoumE_12rust_backend3api6routes4auth5testss_51provisioning_claims_fall_back_to_auth_config_values
FN:358,_RNvNtNtNtNtCs4kTbYauoumE_12rust_backend3api6routes4auth5testss_52signup_request_validation_rejects_naive_at_dot_email
FN:282,_RNvNtNtNtNtCs4kTbYauoumE_12rust_backend3api6routes4auth5testss_58provisioning_claims_use_auth0_config_values_when_available
FNDA:0,_RNCNCNvNtNtNtCscP9pq2ikS3v_12rust_backend3api6routes4auth11auth0_login00Bb_
FNDA:0,_RNCNCNvNtNtNtCscP9pq2ikS3v_12rust_backend3api6routes4auth12auth0_signup00Bb_
FNDA:0,_RNCNCNvNtNtNtCscP9pq2ikS3v_12rust_backend3api6routes4auth19provisioning_claims00Bb_
FNDA:0,_RNCNCNvNtNtNtCscP9pq2ikS3v_12rust_backend3api6routes4auth19provisioning_claimss1_00Bb_
FNDA:0,_RNCNvNtNtNtCscP9pq2ikS3v_12rust_backend3api6routes4auth11auth0_login0B9_
FNDA:0,_RNCNvNtNtNtCscP9pq2ikS3v_12rust_backend3api6routes4auth12auth0_signup0B9_
FNDA:0,_RNCNvNtNtNtCscP9pq2ikS3v_12rust_backend3api6routes4auth17validate_password0B9_
FNDA:0,_RNCNvNtNtNtCscP9pq2ikS3v_12rust_backend3api6routes4auth17validate_passwords0_0B9_
FNDA:0,_RNCNvNtNtNtCscP9pq2ikS3v_12rust_backend3api6routes4auth17validate_passwords1_0B9_
FNDA:0,_RNCNvNtNtNtCscP9pq2ikS3v_12rust_backend3api6routes4auth17validate_passwords_0B9_
FNDA:0,_RNCNvNtNtNtCscP9pq2ikS3v_12rust_backend3api6routes4auth19provisioning_claims0B9_
FNDA:0,_RNCNvNtNtNtCscP9pq2ikS3v_12rust_backend3api6routes4auth19provisioning_claimss0_0B9_
FNDA:0,_RNCNvNtNtNtCscP9pq2ikS3v_12rust_backend3api6routes4auth19provisioning_claimss1_0B9_
FNDA:0,_RNCNvNtNtNtCscP9pq2ikS3v_12rust_backend3api6routes4auth19provisioning_claimss2_0B9_
FNDA:0,_RNCNvNtNtNtCscP9pq2ikS3v_12rust_backend3api6routes4auth19provisioning_claimss_0B9_
FNDA:0,_RNCNvNtNtNtCscP9pq2ikS3v_12rust_backend3api6routes4auth2me0B9_
FNDA:0,_RNvNtNtNtCscP9pq2ikS3v_12rust_backend3api6routes4auth11auth0_login
FNDA:0,_RNvNtNtNtCscP9pq2ikS3v_12rust_backend3api6routes4auth12auth0_signup
FNDA:0,_RNvNtNtNtCscP9pq2ikS3v_12rust_backend3api6routes4auth17validate_password
FNDA:0,_RNvNtNtNtCscP9pq2ikS3v_12rust_backend3api6routes4auth19provisioning_claims
FNDA:0,_RNvNtNtNtCscP9pq2ikS3v_12rust_backend3api6routes4auth2me
FNDA:0,_RNvNtNtNtCscP9pq2ikS3v_12rust_backend3api6routes4auth9client_ip
FNDA:0,_RNvNtNtNtCscP9pq2ikS3v_12rust_backend3api6routes4auth9configure
FNDA:1,_RNCNCNvNtNtNtCs4kTbYauoumE_12rust_backend3api6routes4auth19provisioning_claims00Bb_
FNDA:1,_RNCNCNvNtNtNtCs4kTbYauoumE_12rust_backend3api6routes4auth19provisioning_claimss1_00Bb_
FNDA:1,_RNCNvNtNtNtCs4kTbYauoumE_12rust_backend3api6routes4auth19provisioning_claims0B9_
FNDA:1,_RNCNvNtNtNtCs4kTbYauoumE_12rust_backend3api6routes4auth19provisioning_claimss0_0B9_
FNDA:1,_RNCNvNtNtNtCs4kTbYauoumE_12rust_backend3api6routes4auth19provisioning_claimss1_0B9_
FNDA:0,_RNCNvNtNtNtCs4kTbYauoumE_12rust_backend3api6routes4auth19provisioning_claimss2_0B9_
FNDA:0,_RNCNvNtNtNtCs4kTbYauoumE_12rust_backend3api6routes4auth19provisioning_claimss_0B9_
FNDA:2,_RNvNtNtNtCs4kTbYauoumE_12rust_backend3api6routes4auth19provisioning_claims
FNDA:2,_RNvNtNtNtCs4kTbYauoumE_12rust_backend3api6routes4auth9client_ip
FNDA:0,_RNCNCNvNtNtNtCs4kTbYauoumE_12rust_backend3api6routes4auth11auth0_login00Bb_
FNDA:0,_RNCNCNvNtNtNtCs4kTbYauoumE_12rust_backend3api6routes4auth12auth0_signup00Bb_
FNDA:0,_RNCNvNtNtNtCs4kTbYauoumE_12rust_backend3api6routes4auth11auth0_login0B9_
FNDA:0,_RNCNvNtNtNtCs4kTbYauoumE_12rust_backend3api6routes4auth12auth0_signup0B9_
FNDA:0,_RNCNvNtNtNtCs4kTbYauoumE_12rust_backend3api6routes4auth17validate_password0B9_
FNDA:0,_RNCNvNtNtNtCs4kTbYauoumE_12rust_backend3api6routes4auth17validate_passwords0_0B9_
FNDA:0,_RNCNvNtNtNtCs4kTbYauoumE_12rust_backend3api6routes4auth17validate_passwords1_0B9_
FNDA:0,_RNCNvNtNtNtCs4kTbYauoumE_12rust_backend3api6routes4auth17validate_passwords_0B9_
FNDA:0,_RNCNvNtNtNtCs4kTbYauoumE_12rust_backend3api6routes4auth2me0B9_
FNDA:0,_RNvNtNtNtCs4kTbYauoumE_12rust_backend3api6routes4auth11auth0_login
FNDA:0,_RNvNtNtNtCs4kTbYauoumE_12rust_backend3api6routes4auth12auth0_signup
FNDA:0,_RNvNtNtNtCs4kTbYauoumE_12rust_backend3api6routes4auth17validate_password
FNDA:0,_RNvNtNtNtCs4kTbYauoumE_12rust_backend3api6routes4auth2me
FNDA:0,_RNvNtNtNtCs4kTbYauoumE_12rust_backend3api6routes4auth9configure
FNDA:1,_RNvNtNtNtNtCs4kTbYauoumE_12rust_backend3api6routes4auth5testss_45client_ip_uses_forwarded_address_when_present
FNDA:1,_RNvNtNtNtNtCs4kTbYauoumE_12rust_backend3api6routes4auth5testss_48client_ip_returns_none_without_forwarded_address
FNDA:1,_RNvNtNtNtNtCs4kTbYauoumE_12rust_backend3api6routes4auth5testss_51provisioning_claims_fall_back_to_auth_config_values
FNDA:1,_RNvNtNtNtNtCs4kTbYauoumE_12rust_backend3api6routes4auth5testss_52signup_request_validation_rejects_naive_at_dot_email
FNDA:1,_RNvNtNtNtNtCs4kTbYauoumE_12rust_backend3api6routes4auth5testss_58provisioning_claims_use_auth0_config_values_when_available
FNF:28
FNH:12
DA:12,0
DA:13,0
DA:14,0
DA:15,0
DA:16,0
DA:17,0
DA:19,0
DA:27,0
DA:29,0
DA:30,0
DA:31,0
DA:32,0
DA:33,0
DA:34,0
DA:35,0
DA:38,0
DA:39,0
DA:40,0
DA:43,0
DA:44,0
DA:45,0
DA:48,0
DA:49,0
DA:50,0
DA:53,0
DA:54,0
DA:55,0
DA:56,0
DA:57,0
DA:60,0
DA:61,0
DA:62,0
DA:64,0
DA:65,0
DA:66,0
DA:69,0
DA:70,0
DA:71,0
DA:72,0
DA:73,0
DA:74,0
DA:76,0
DA:77,0
DA:79,0
DA:80,0
DA:94,0
DA:95,0
DA:96,0
DA:97,0
DA:115,0
DA:116,0
DA:117,0
DA:118,0
DA:119,0
DA:120,0
DA:121,0
DA:125,0
DA:128,0
DA:130,0
DA:131,0
DA:132,0
DA:135,0
DA:136,0
DA:137,0
DA:138,0
DA:139,0
DA:140,0
DA:141,0
DA:142,0
DA:143,0
DA:145,0
DA:146,0
DA:149,0
DA:150,0
DA:152,0
DA:154,0
DA:159,0
DA:160,0
DA:161,0
DA:162,0
DA:163,0
DA:164,0
DA:165,0
DA:166,0
DA:170,0
DA:173,0
DA:174,0
DA:175,0
DA:176,0
DA:177,0
DA:178,0
DA:180,2
DA:181,2
DA:182,2
DA:183,2
DA:184,2
DA:185,2
DA:186,2
DA:187,2
DA:188,2
DA:189,2
DA:190,2
DA:191,2
DA:192,2
DA:193,2
DA:195,2
DA:196,2
DA:197,2
DA:198,2
DA:199,2
DA:200,2
DA:201,2
DA:202,2
DA:203,2
DA:204,2
DA:205,2
DA:206,2
DA:207,2
DA:224,0
DA:225,0
DA:226,0
DA:227,0
DA:228,0
DA:229,0
DA:230,0
DA:231,0
DA:234,0
DA:235,0
DA:236,0
DA:237,0
DA:238,0
DA:239,0
DA:240,0
DA:242,0
DA:244,0
DA:245,0
DA:246,0
DA:247,0
DA:248,0
DA:249,0
DA:250,0
DA:251,0
DA:253,2
DA:254,2
DA:255,2
DA:256,2
DA:257,2
DA:258,2
DA:268,1
DA:269,1
DA:270,1
DA:271,1
DA:274,1
DA:275,1
DA:276,1
DA:277,1
DA:278,1
DA:279,1
DA:282,1
DA:283,1
DA:284,1
DA:285,1
DA:286,1
DA:287,1
DA:288,1
DA:289,1
DA:290,1
DA:291,1
DA:292,1
DA:293,1
DA:294,1
DA:295,1
DA:296,1
DA:297,1
DA:298,1
DA:299,1
DA:300,1
DA:301,1
DA:302,1
DA:303,1
DA:304,1
DA:305,1
DA:306,1
DA:308,1
DA:310,1
DA:311,1
DA:312,1
DA:313,0
DA:315,1
DA:316,1
DA:317,1
DA:320,1
DA:321,1
DA:322,1
DA:323,1
DA:324,1
DA:325,1
DA:326,1
DA:327,1
DA:328,1
DA:329,1
DA:330,1
DA:331,1
DA:332,1
DA:333,1
DA:334,1
DA:335,1
DA:336,1
DA:337,1
DA:338,1
DA:339,1
DA:340,1
DA:341,1
DA:342,1
DA:343,1
DA:344,1
DA:345,1
DA:347,1
DA:349,1
DA:350,1
DA:351,1
DA:352,0
DA:354,1
DA:355,1
DA:358,1
DA:359,1
DA:360,1
DA:361,1
DA:362,1
DA:363,1
DA:364,1
DA:366,1
DA:367,1
DA:368,1
BRF:0
BRH:0
LF:252
LH:122
end_of_record
SF:/Users/mykolborghese/rust-backend/src/api/routes/equipment.rs
FN:183,_RNvNtNtNtCscP9pq2ikS3v_12rust_backend3api6routes9equipment12delete_photo
FN:222,_RNvNtNtNtCscP9pq2ikS3v_12rust_backend3api6routes9equipment12get_category
FN:67,_RNvNtNtNtCscP9pq2ikS3v_12rust_backend3api6routes9equipment13get_equipment
FN:38,_RNvNtNtNtCscP9pq2ikS3v_12rust_backend3api6routes9equipment14list_equipment
FN:205,_RNvNtNtNtCscP9pq2ikS3v_12rust_backend3api6routes9equipment15list_categories
FN:89,_RNvNtNtNtCscP9pq2ikS3v_12rust_backend3api6routes9equipment16create_equipment
FN:156,_RNvNtNtNtCscP9pq2ikS3v_12rust_backend3api6routes9equipment16delete_equipment
FN:125,_RNvNtNtNtCscP9pq2ikS3v_12rust_backend3api6routes9equipment16update_equipment
FN:169,_RNvNtNtNtCscP9pq2ikS3v_12rust_backend3api6routes9equipment9add_photo
FN:230,_RNvNtNtNtCscP9pq2ikS3v_12rust_backend3api6routes9equipment9client_ip
FN:11,_RNvNtNtNtCscP9pq2ikS3v_12rust_backend3api6routes9equipment9configure
FN:187,_RNCNvNtNtNtCscP9pq2ikS3v_12rust_backend3api6routes9equipment12delete_photo0B9_
FN:225,_RNCNvNtNtNtCscP9pq2ikS3v_12rust_backend3api6routes9equipment12get_category0B9_
FN:70,_RNCNvNtNtNtCscP9pq2ikS3v_12rust_backend3api6routes9equipment13get_equipment0B9_
FN:42,_RNCNvNtNtNtCscP9pq2ikS3v_12rust_backend3api6routes9equipment14list_equipment0B9_
FN:205,_RNCNvNtNtNtCscP9pq2ikS3v_12rust_backend3api6routes9equipment15list_categories0B9_
FN:93,_RNCNvNtNtNtCscP9pq2ikS3v_12rust_backend3api6routes9equipment16create_equipment0B9_
FN:160,_RNCNvNtNtNtCscP9pq2ikS3v_12rust_backend3api6routes9equipment16delete_equipment0B9_
FN:130,_RNCNvNtNtNtCscP9pq2ikS3v_12rust_backend3api6routes9equipment16update_equipment0B9_
FN:174,_RNCNvNtNtNtCscP9pq2ikS3v_12rust_backend3api6routes9equipment9add_photo0B9_
FN:187,_RNCNvNtNtNtCs4kTbYauoumE_12rust_backend3api6routes9equipment12delete_photo0B9_
FN:225,_RNCNvNtNtNtCs4kTbYauoumE_12rust_backend3api6routes9equipment12get_category0B9_
FN:70,_RNCNvNtNtNtCs4kTbYauoumE_12rust_backend3api6routes9equipment13get_equipment0B9_
FN:42,_RNCNvNtNtNtCs4kTbYauoumE_12rust_backend3api6routes9equipment14list_equipment0B9_
FN:205,_RNCNvNtNtNtCs4kTbYauoumE_12rust_backend3api6routes9equipment15list_categories0B9_
FN:93,_RNCNvNtNtNtCs4kTbYauoumE_12rust_backend3api6routes9equipment16create_equipment0B9_
FN:160,_RNCNvNtNtNtCs4kTbYauoumE_12rust_backend3api6routes9equipment16delete_equipment0B9_
FN:130,_RNCNvNtNtNtCs4kTbYauoumE_12rust_backend3api6routes9equipment16update_equipment0B9_
FN:174,_RNCNvNtNtNtCs4kTbYauoumE_12rust_backend3api6routes9equipment9add_photo0B9_
FN:183,_RNvNtNtNtCs4kTbYauoumE_12rust_backend3api6routes9equipment12delete_photo
FN:222,_RNvNtNtNtCs4kTbYauoumE_12rust_backend3api6routes9equipment12get_category
FN:67,_RNvNtNtNtCs4kTbYauoumE_12rust_backend3api6routes9equipment13get_equipment
FN:38,_RNvNtNtNtCs4kTbYauoumE_12rust_backend3api6routes9equipment14list_equipment
FN:205,_RNvNtNtNtCs4kTbYauoumE_12rust_backend3api6routes9equipment15list_categories
FN:89,_RNvNtNtNtCs4kTbYauoumE_12rust_backend3api6routes9equipment16create_equipment
FN:156,_RNvNtNtNtCs4kTbYauoumE_12rust_backend3api6routes9equipment16delete_equipment
FN:125,_RNvNtNtNtCs4kTbYauoumE_12rust_backend3api6routes9equipment16update_equipment
FN:169,_RNvNtNtNtCs4kTbYauoumE_12rust_backend3api6routes9equipment9add_photo
FN:230,_RNvNtNtNtCs4kTbYauoumE_12rust_backend3api6routes9equipment9client_ip
FN:11,_RNvNtNtNtCs4kTbYauoumE_12rust_backend3api6routes9equipment9configure
FNDA:0,_RNvNtNtNtCscP9pq2ikS3v_12rust_backend3api6routes9equipment12delete_photo
FNDA:0,_RNvNtNtNtCscP9pq2ikS3v_12rust_backend3api6routes9equipment12get_category
FNDA:0,_RNvNtNtNtCscP9pq2ikS3v_12rust_backend3api6routes9equipment13get_equipment
FNDA:0,_RNvNtNtNtCscP9pq2ikS3v_12rust_backend3api6routes9equipment14list_equipment
FNDA:0,_RNvNtNtNtCscP9pq2ikS3v_12rust_backend3api6routes9equipment15list_categories
FNDA:0,_RNvNtNtNtCscP9pq2ikS3v_12rust_backend3api6routes9equipment16create_equipment
FNDA:0,_RNvNtNtNtCscP9pq2ikS3v_12rust_backend3api6routes9equipment16delete_equipment
FNDA:0,_RNvNtNtNtCscP9pq2ikS3v_12rust_backend3api6routes9equipment16update_equipment
FNDA:0,_RNvNtNtNtCscP9pq2ikS3v_12rust_backend3api6routes9equipment9add_photo
FNDA:0,_RNvNtNtNtCscP9pq2ikS3v_12rust_backend3api6routes9equipment9client_ip
FNDA:0,_RNvNtNtNtCscP9pq2ikS3v_12rust_backend3api6routes9equipment9configure
FNDA:0,_RNCNvNtNtNtCscP9pq2ikS3v_12rust_backend3api6routes9equipment12delete_photo0B9_
FNDA:0,_RNCNvNtNtNtCscP9pq2ikS3v_12rust_backend3api6routes9equipment12get_category0B9_
FNDA:0,_RNCNvNtNtNtCscP9pq2ikS3v_12rust_backend3api6routes9equipment13get_equipment0B9_
FNDA:0,_RNCNvNtNtNtCscP9pq2ikS3v_12rust_backend3api6routes9equipment14list_equipment0B9_
FNDA:0,_RNCNvNtNtNtCscP9pq2ikS3v_12rust_backend3api6routes9equipment15list_categories0B9_
FNDA:0,_RNCNvNtNtNtCscP9pq2ikS3v_12rust_backend3api6routes9equipment16create_equipment0B9_
FNDA:0,_RNCNvNtNtNtCscP9pq2ikS3v_12rust_backend3api6routes9equipment16delete_equipment0B9_
FNDA:0,_RNCNvNtNtNtCscP9pq2ikS3v_12rust_backend3api6routes9equipment16update_equipment0B9_
FNDA:0,_RNCNvNtNtNtCscP9pq2ikS3v_12rust_backend3api6routes9equipment9add_photo0B9_
FNDA:0,_RNCNvNtNtNtCs4kTbYauoumE_12rust_backend3api6routes9equipment12delete_photo0B9_
FNDA:0,_RNCNvNtNtNtCs4kTbYauoumE_12rust_backend3api6routes9equipment12get_category0B9_
FNDA:0,_RNCNvNtNtNtCs4kTbYauoumE_12rust_backend3api6routes9equipment13get_equipment0B9_
FNDA:0,_RNCNvNtNtNtCs4kTbYauoumE_12rust_backend3api6routes9equipment14list_equipment0B9_
FNDA:0,_RNCNvNtNtNtCs4kTbYauoumE_12rust_backend3api6routes9equipment15list_categories0B9_
FNDA:0,_RNCNvNtNtNtCs4kTbYauoumE_12rust_backend3api6routes9equipment16create_equipment0B9_
FNDA:0,_RNCNvNtNtNtCs4kTbYauoumE_12rust_backend3api6routes9equipment16delete_equipment0B9_
FNDA:0,_RNCNvNtNtNtCs4kTbYauoumE_12rust_backend3api6routes9equipment16update_equipment0B9_
FNDA:0,_RNCNvNtNtNtCs4kTbYauoumE_12rust_backend3api6routes9equipment9add_photo0B9_
FNDA:0,_RNvNtNtNtCs4kTbYauoumE_12rust_backend3api6routes9equipment12delete_photo
FNDA:0,_RNvNtNtNtCs4kTbYauoumE_12rust_backend3api6routes9equipment12get_category
FNDA:0,_RNvNtNtNtCs4kTbYauoumE_12rust_backend3api6routes9equipment13get_equipment
FNDA:0,_RNvNtNtNtCs4kTbYauoumE_12rust_backend3api6routes9equipment14list_equipment
FNDA:0,_RNvNtNtNtCs4kTbYauoumE_12rust_backend3api6routes9equipment15list_categories
FNDA:0,_RNvNtNtNtCs4kTbYauoumE_12rust_backend3api6routes9equipment16create_equipment
FNDA:0,_RNvNtNtNtCs4kTbYauoumE_12rust_backend3api6routes9equipment16delete_equipment
FNDA:0,_RNvNtNtNtCs4kTbYauoumE_12rust_backend3api6routes9equipment16update_equipment
FNDA:0,_RNvNtNtNtCs4kTbYauoumE_12rust_backend3api6routes9equipment9add_photo
FNDA:0,_RNvNtNtNtCs4kTbYauoumE_12rust_backend3api6routes9equipment9client_ip
FNDA:0,_RNvNtNtNtCs4kTbYauoumE_12rust_backend3api6routes9equipment9configure
FNF:20
FNH:0
DA:11,0
DA:12,0
DA:13,0
DA:14,0
DA:15,0
DA:16,0
DA:17,0
DA:18,0
DA:19,0
DA:20,0
DA:21,0
DA:22,0
DA:23,0
DA:24,0
DA:25,0
DA:27,0
DA:38,0
DA:39,0
DA:40,0
DA:41,0
DA:42,0
DA:43,0
DA:44,0
DA:45,0
DA:46,0
DA:47,0
DA:48,0
DA:49,0
DA:51,0
DA:52,0
DA:53,0
DA:67,0
DA:68,0
DA:69,0
DA:70,0
DA:71,0
DA:72,0
DA:73,0
DA:89,0
DA:90,0
DA:91,0
DA:92,0
DA:93,0
DA:94,0
DA:95,0
DA:96,0
DA:97,0
DA:98,0
DA:99,0
DA:100,0
DA:101,0
DA:102,0
DA:103,0
DA:104,0
DA:105,0
DA:125,0
DA:126,0
DA:127,0
DA:128,0
DA:129,0
DA:130,0
DA:131,0
DA:132,0
DA:133,0
DA:134,0
DA:135,0
DA:136,0
DA:137,0
DA:156,0
DA:157,0
DA:158,0
DA:159,0
DA:160,0
DA:161,0
DA:162,0
DA:163,0
DA:164,0
DA:165,0
DA:166,0
DA:167,0
DA:169,0
DA:170,0
DA:171,0
DA:172,0
DA:173,0
DA:174,0
DA:175,0
DA:176,0
DA:177,0
DA:178,0
DA:179,0
DA:180,0
DA:181,0
DA:183,0
DA:184,0
DA:185,0
DA:186,0
DA:187,0
DA:188,0
DA:189,0
DA:190,0
DA:191,0
DA:192,0
DA:193,0
DA:194,0
DA:195,0
DA:205,0
DA:206,0
DA:207,0
DA:208,0
DA:222,0
DA:223,0
DA:224,0
DA:225,0
DA:226,0
DA:227,0
DA:228,0
DA:230,0
DA:231,0
DA:232,0
DA:233,0
DA:234,0
DA:235,0
BRF:0
BRH:0
LF:132
LH:0
end_of_record
SF:/Users/mykolborghese/rust-backend/src/api/routes/messages.rs
FN:87,_RNvNtNtNtCscP9pq2ikS3v_12rust_backend3api6routes8messages12send_message
FN:62,_RNvNtNtNtCscP9pq2ikS3v_12rust_backend3api6routes8messages13list_messages
FN:50,_RNvNtNtNtCscP9pq2ikS3v_12rust_backend3api6routes8messages16get_conversation
FN:27,_RNvNtNtNtCscP9pq2ikS3v_12rust_backend3api6routes8messages18list_conversations
FN:38,_RNvNtNtNtCscP9pq2ikS3v_12rust_backend3api6routes8messages19create_conversation
FN:16,_RNvNtNtNtCscP9pq2ikS3v_12rust_backend3api6routes8messages9configure
FN:92,_RNCNvNtNtNtCscP9pq2ikS3v_12rust_backend3api6routes8messages12send_message0B9_
FN:67,_RNCNvNtNtNtCscP9pq2ikS3v_12rust_backend3api6routes8messages13list_messages0B9_
FN:54,_RNCNvNtNtNtCscP9pq2ikS3v_12rust_backend3api6routes8messages16get_conversation0B9_
FN:30,_RNCNvNtNtNtCscP9pq2ikS3v_12rust_backend3api6routes8messages18list_conversations0B9_
FN:42,_RNCNvNtNtNtCscP9pq2ikS3v_12rust_backend3api6routes8messages19create_conversation0B9_
FN:92,_RNCNvNtNtNtCs4kTbYauoumE_12rust_backend3api6routes8messages12send_message0B9_
FN:67,_RNCNvNtNtNtCs4kTbYauoumE_12rust_backend3api6routes8messages13list_messages0B9_
FN:54,_RNCNvNtNtNtCs4kTbYauoumE_12rust_backend3api6routes8messages16get_conversation0B9_
FN:30,_RNCNvNtNtNtCs4kTbYauoumE_12rust_backend3api6routes8messages18list_conversations0B9_
FN:42,_RNCNvNtNtNtCs4kTbYauoumE_12rust_backend3api6routes8messages19create_conversation0B9_
FN:87,_RNvNtNtNtCs4kTbYauoumE_12rust_backend3api6routes8messages12send_message
FN:62,_RNvNtNtNtCs4kTbYauoumE_12rust_backend3api6routes8messages13list_messages
FN:50,_RNvNtNtNtCs4kTbYauoumE_12rust_backend3api6routes8messages16get_conversation
FN:27,_RNvNtNtNtCs4kTbYauoumE_12rust_backend3api6routes8messages18list_conversations
FN:38,_RNvNtNtNtCs4kTbYauoumE_12rust_backend3api6routes8messages19create_conversation
FN:16,_RNvNtNtNtCs4kTbYauoumE_12rust_backend3api6routes8messages9configure
FNDA:0,_RNvNtNtNtCscP9pq2ikS3v_12rust_backend3api6routes8messages12send_message
FNDA:0,_RNvNtNtNtCscP9pq2ikS3v_12rust_backend3api6routes8messages13list_messages
FNDA:0,_RNvNtNtNtCscP9pq2ikS3v_12rust_backend3api6routes8messages16get_conversation
FNDA:0,_RNvNtNtNtCscP9pq2ikS3v_12rust_backend3api6routes8messages18list_conversations
FNDA:0,_RNvNtNtNtCscP9pq2ikS3v_12rust_backend3api6routes8messages19create_conversation
FNDA:0,_RNvNtNtNtCscP9pq2ikS3v_12rust_backend3api6routes8messages9configure
FNDA:0,_RNCNvNtNtNtCscP9pq2ikS3v_12rust_backend3api6routes8messages12send_message0B9_
FNDA:0,_RNCNvNtNtNtCscP9pq2ikS3v_12rust_backend3api6routes8messages13list_messages0B9_
FNDA:0,_RNCNvNtNtNtCscP9pq2ikS3v_12rust_backend3api6routes8messages16get_conversation0B9_
FNDA:0,_RNCNvNtNtNtCscP9pq2ikS3v_12rust_backend3api6routes8messages18list_conversations0B9_
FNDA:0,_RNCNvNtNtNtCscP9pq2ikS3v_12rust_backend3api6routes8messages19create_conversation0B9_
FNDA:0,_RNCNvNtNtNtCs4kTbYauoumE_12rust_backend3api6routes8messages12send_message0B9_
FNDA:0,_RNCNvNtNtNtCs4kTbYauoumE_12rust_backend3api6routes8messages13list_messages0B9_
FNDA:0,_RNCNvNtNtNtCs4kTbYauoumE_12rust_backend3api6routes8messages16get_conversation0B9_
FNDA:0,_RNCNvNtNtNtCs4kTbYauoumE_12rust_backend3api6routes8messages18list_conversations0B9_
FNDA:0,_RNCNvNtNtNtCs4kTbYauoumE_12rust_backend3api6routes8messages19create_conversation0B9_
FNDA:0,_RNvNtNtNtCs4kTbYauoumE_12rust_backend3api6routes8messages12send_message
FNDA:0,_RNvNtNtNtCs4kTbYauoumE_12rust_backend3api6routes8messages13list_messages
FNDA:0,_RNvNtNtNtCs4kTbYauoumE_12rust_backend3api6routes8messages16get_conversation
FNDA:0,_RNvNtNtNtCs4kTbYauoumE_12rust_backend3api6routes8messages18list_conversations
FNDA:0,_RNvNtNtNtCs4kTbYauoumE_12rust_backend3api6routes8messages19create_conversation
FNDA:0,_RNvNtNtNtCs4kTbYauoumE_12rust_backend3api6routes8messages9configure
FNF:11
FNH:0
DA:16,0
DA:17,0
DA:18,0
DA:19,0
DA:20,0
DA:21,0
DA:22,0
DA:23,0
DA:25,0
DA:27,0
DA:28,0
DA:29,0
DA:30,0
DA:31,0
DA:32,0
DA:33,0
DA:34,0
DA:35,0
DA:36,0
DA:38,0
DA:39,0
DA:40,0
DA:41,0
DA:42,0
DA:43,0
DA:44,0
DA:45,0
DA:46,0
DA:47,0
DA:48,0
DA:50,0
DA:51,0
DA:52,0
DA:53,0
DA:54,0
DA:55,0
DA:56,0
DA:57,0
DA:58,0
DA:59,0
DA:60,0
DA:62,0
DA:63,0
DA:64,0
DA:65,0
DA:66,0
DA:67,0
DA:68,0
DA:70,0
DA:71,0
DA:72,0
DA:73,0
DA:74,0
DA:75,0
DA:76,0
DA:77,0
DA:78,0
DA:79,0
DA:80,0
DA:81,0
DA:82,0
DA:83,0
DA:84,0
DA:85,0
DA:87,0
DA:88,0
DA:89,0
DA:90,0
DA:91,0
DA:92,0
DA:93,0
DA:94,0
DA:95,0
DA:96,0
DA:98,0
DA:99,0
DA:100,0
DA:102,0
DA:103,0
DA:104,0
DA:105,0
DA:107,0
DA:108,0
BRF:0
BRH:0
LF:88
LH:0
end_of_record
SF:/Users/mykolborghese/rust-backend/src/api/routes/mod.rs
FN:80,_RNCNCNvNtNtCscP9pq2ikS3v_12rust_backend3api6routes5ready00B9_
FN:91,_RNCNCNvNtNtCscP9pq2ikS3v_12rust_backend3api6routes7metrics00B9_
FN:108,_RNCNCNvNtNtCscP9pq2ikS3v_12rust_backend3api6routes7metrics0s0_0B9_
FN:96,_RNCNCNvNtNtCscP9pq2ikS3v_12rust_backend3api6routes7metrics0s_0B9_
FN:75,_RNCNvNtNtCscP9pq2ikS3v_12rust_backend3api6routes5ready0B7_
FN:62,_RNCNvNtNtCscP9pq2ikS3v_12rust_backend3api6routes6health0B7_
FN:86,_RNCNvNtNtCscP9pq2ikS3v_12rust_backend3api6routes7metrics0B7_
FN:129,_RNvNtNtCscP9pq2ikS3v_12rust_backend3api6routes10pool_stats
FN:122,_RNvNtNtCscP9pq2ikS3v_12rust_backend3api6routes22is_private_or_loopback
FN:75,_RNvNtNtCscP9pq2ikS3v_12rust_backend3api6routes5ready
FN:62,_RNvNtNtCscP9pq2ikS3v_12rust_backend3api6routes6health
FN:86,_RNvNtNtCscP9pq2ikS3v_12rust_backend3api6routes7metrics
FN:39,_RNvNtNtCscP9pq2ikS3v_12rust_backend3api6routes9configure
FN:122,_RNvNtNtCs4kTbYauoumE_12rust_backend3api6routes22is_private_or_loopback
FN:140,_RNvNtNtNtCs4kTbYauoumE_12rust_backend3api6routes5testss_40is_private_or_loopback_ipv4_private_true
FN:146,_RNvNtNtNtCs4kTbYauoumE_12rust_backend3api6routes5testss_40is_private_or_loopback_ipv4_public_false
FN:152,_RNvNtNtNtCs4kTbYauoumE_12rust_backend3api6routes5testss_41is_private_or_loopback_ipv6_loopback_true
FN:158,_RNvNtNtNtCs4kTbYauoumE_12rust_backend3api6routes5testss_45is_private_or_loopback_ipv6_unique_local_true
FN:80,_RNCNCNvNtNtCs4kTbYauoumE_12rust_backend3api6routes5ready00B9_
FN:91,_RNCNCNvNtNtCs4kTbYauoumE_12rust_backend3api6routes7metrics00B9_
FN:108,_RNCNCNvNtNtCs4kTbYauoumE_12rust_backend3api6routes7metrics0s0_0B9_
FN:96,_RNCNCNvNtNtCs4kTbYauoumE_12rust_backend3api6routes7metrics0s_0B9_
FN:75,_RNCNvNtNtCs4kTbYauoumE_12rust_backend3api6routes5ready0B7_
FN:62,_RNCNvNtNtCs4kTbYauoumE_12rust_backend3api6routes6health0B7_
FN:86,_RNCNvNtNtCs4kTbYauoumE_12rust_backend3api6routes7metrics0B7_
FN:129,_RNvNtNtCs4kTbYauoumE_12rust_backend3api6routes10pool_stats
FN:75,_RNvNtNtCs4kTbYauoumE_12rust_backend3api6routes5ready
FN:62,_RNvNtNtCs4kTbYauoumE_12rust_backend3api6routes6health
FN:86,_RNvNtNtCs4kTbYauoumE_12rust_backend3api6routes7metrics
FN:39,_RNvNtNtCs4kTbYauoumE_12rust_backend3api6routes9configure
FNDA:0,_RNCNCNvNtNtCscP9pq2ikS3v_12rust_backend3api6routes5ready00B9_
FNDA:0,_RNCNCNvNtNtCscP9pq2ikS3v_12rust_backend3api6routes7metrics00B9_
FNDA:0,_RNCNCNvNtNtCscP9pq2ikS3v_12rust_backend3api6routes7metrics0s0_0B9_
FNDA:0,_RNCNCNvNtNtCscP9pq2ikS3v_12rust_backend3api6routes7metrics0s_0B9_
FNDA:0,_RNCNvNtNtCscP9pq2ikS3v_12rust_backend3api6routes5ready0B7_
FNDA:0,_RNCNvNtNtCscP9pq2ikS3v_12rust_backend3api6routes6health0B7_
FNDA:0,_RNCNvNtNtCscP9pq2ikS3v_12rust_backend3api6routes7metrics0B7_
FNDA:0,_RNvNtNtCscP9pq2ikS3v_12rust_backend3api6routes10pool_stats
FNDA:0,_RNvNtNtCscP9pq2ikS3v_12rust_backend3api6routes22is_private_or_loopback
FNDA:0,_RNvNtNtCscP9pq2ikS3v_12rust_backend3api6routes5ready
FNDA:0,_RNvNtNtCscP9pq2ikS3v_12rust_backend3api6routes6health
FNDA:0,_RNvNtNtCscP9pq2ikS3v_12rust_backend3api6routes7metrics
FNDA:0,_RNvNtNtCscP9pq2ikS3v_12rust_backend3api6routes9configure
FNDA:4,_RNvNtNtCs4kTbYauoumE_12rust_backend3api6routes22is_private_or_loopback
FNDA:1,_RNvNtNtNtCs4kTbYauoumE_12rust_backend3api6routes5testss_40is_private_or_loopback_ipv4_private_true
FNDA:1,_RNvNtNtNtCs4kTbYauoumE_12rust_backend3api6routes5testss_40is_private_or_loopback_ipv4_public_false
FNDA:1,_RNvNtNtNtCs4kTbYauoumE_12rust_backend3api6routes5testss_41is_private_or_loopback_ipv6_loopback_true
FNDA:1,_RNvNtNtNtCs4kTbYauoumE_12rust_backend3api6routes5testss_45is_private_or_loopback_ipv6_unique_local_true
FNDA:0,_RNCNCNvNtNtCs4kTbYauoumE_12rust_backend3api6routes5ready00B9_
FNDA:0,_RNCNCNvNtNtCs4kTbYauoumE_12rust_backend3api6routes7metrics00B9_
FNDA:0,_RNCNCNvNtNtCs4kTbYauoumE_12rust_backend3api6routes7metrics0s0_0B9_
FNDA:0,_RNCNCNvNtNtCs4kTbYauoumE_12rust_backend3api6routes7metrics0s_0B9_
FNDA:0,_RNCNvNtNtCs4kTbYauoumE_12rust_backend3api6routes5ready0B7_
FNDA:0,_RNCNvNtNtCs4kTbYauoumE_12rust_backend3api6routes6health0B7_
FNDA:0,_RNCNvNtNtCs4kTbYauoumE_12rust_backend3api6routes7metrics0B7_
FNDA:0,_RNvNtNtCs4kTbYauoumE_12rust_backend3api6routes10pool_stats
FNDA:0,_RNvNtNtCs4kTbYauoumE_12rust_backend3api6routes5ready
FNDA:0,_RNvNtNtCs4kTbYauoumE_12rust_backend3api6routes6health
FNDA:0,_RNvNtNtCs4kTbYauoumE_12rust_backend3api6routes7metrics
FNDA:0,_RNvNtNtCs4kTbYauoumE_12rust_backend3api6routes9configure
FNF:17
FNH:5
DA:39,0
DA:40,0
DA:41,0
DA:42,0
DA:43,0
DA:44,0
DA:45,0
DA:46,0
DA:47,0
DA:48,0
DA:49,0
DA:50,0
DA:51,0
DA:52,0
DA:62,0
DA:63,0
DA:64,0
DA:75,0
DA:76,0
DA:77,0
DA:78,0
DA:79,0
DA:80,0
DA:81,0
DA:82,0
DA:83,0
DA:84,0
DA:86,0
DA:87,0
DA:88,0
DA:89,0
DA:90,0
DA:91,0
DA:93,0
DA:94,0
DA:95,0
DA:96,0
DA:97,0
DA:98,0
DA:99,0
DA:100,0
DA:101,0
DA:102,0
DA:103,0
DA:105,0
DA:106,0
DA:107,0
DA:108,0
DA:109,0
DA:111,0
DA:112,0
DA:113,0
DA:114,0
DA:116,0
DA:117,0
DA:118,0
DA:119,0
DA:120,0
DA:122,4
DA:123,4
DA:124,2
DA:125,2
DA:127,4
DA:129,0
DA:130,0
DA:131,0
DA:140,1
DA:141,1
DA:142,1
DA:143,1
DA:146,1
DA:147,1
DA:148,1
DA:149,1
DA:152,1
DA:153,1
DA:154,1
DA:155,1
DA:158,1
DA:159,1
DA:160,1
DA:161,1
BRF:0
BRH:0
LF:89
LH:21
end_of_record
SF:/Users/mykolborghese/rust-backend/src/api/routes/users.rs
FN:50,_RNCNvNtNtNtCscP9pq2ikS3v_12rust_backend3api6routes5users12my_equipment0B9_
FN:22,_RNCNvNtNtNtCscP9pq2ikS3v_12rust_backend3api6routes5users16get_user_profile0B9_
FN:35,_RNCNvNtNtNtCscP9pq2ikS3v_12rust_backend3api6routes5users19update_user_profile0B9_
FN:46,_RNvNtNtNtCscP9pq2ikS3v_12rust_backend3api6routes5users12my_equipment
FN:19,_RNvNtNtNtCscP9pq2ikS3v_12rust_backend3api6routes5users16get_user_profile
FN:30,_RNvNtNtNtCscP9pq2ikS3v_12rust_backend3api6routes5users19update_user_profile
FN:10,_RNvNtNtNtCscP9pq2ikS3v_12rust_backend3api6routes5users9configure
FN:50,_RNCNvNtNtNtCs4kTbYauoumE_12rust_backend3api6routes5users12my_equipment0B9_
FN:22,_RNCNvNtNtNtCs4kTbYauoumE_12rust_backend3api6routes5users16get_user_profile0B9_
FN:35,_RNCNvNtNtNtCs4kTbYauoumE_12rust_backend3api6routes5users19update_user_profile0B9_
FN:46,_RNvNtNtNtCs4kTbYauoumE_12rust_backend3api6routes5users12my_equipment
FN:19,_RNvNtNtNtCs4kTbYauoumE_12rust_backend3api6routes5users16get_user_profile
FN:30,_RNvNtNtNtCs4kTbYauoumE_12rust_backend3api6routes5users19update_user_profile
FN:10,_RNvNtNtNtCs4kTbYauoumE_12rust_backend3api6routes5users9configure
FNDA:0,_RNCNvNtNtNtCscP9pq2ikS3v_12rust_backend3api6routes5users12my_equipment0B9_
FNDA:0,_RNCNvNtNtNtCscP9pq2ikS3v_12rust_backend3api6routes5users16get_user_profile0B9_
FNDA:0,_RNCNvNtNtNtCscP9pq2ikS3v_12rust_backend3api6routes5users19update_user_profile0B9_
FNDA:0,_RNvNtNtNtCscP9pq2ikS3v_12rust_backend3api6routes5users12my_equipment
FNDA:0,_RNvNtNtNtCscP9pq2ikS3v_12rust_backend3api6routes5users16get_user_profile
FNDA:0,_RNvNtNtNtCscP9pq2ikS3v_12rust_backend3api6routes5users19update_user_profile
FNDA:0,_RNvNtNtNtCscP9pq2ikS3v_12rust_backend3api6routes5users9configure
FNDA:0,_RNCNvNtNtNtCs4kTbYauoumE_12rust_backend3api6routes5users12my_equipment0B9_
FNDA:0,_RNCNvNtNtNtCs4kTbYauoumE_12rust_backend3api6routes5users16get_user_profile0B9_
FNDA:0,_RNCNvNtNtNtCs4kTbYauoumE_12rust_backend3api6routes5users19update_user_profile0B9_
FNDA:0,_RNvNtNtNtCs4kTbYauoumE_12rust_backend3api6routes5users12my_equipment
FNDA:0,_RNvNtNtNtCs4kTbYauoumE_12rust_backend3api6routes5users16get_user_profile
FNDA:0,_RNvNtNtNtCs4kTbYauoumE_12rust_backend3api6routes5users19update_user_profile
FNDA:0,_RNvNtNtNtCs4kTbYauoumE_12rust_backend3api6routes5users9configure
FNF:7
FNH:0
DA:10,0
DA:11,0
DA:12,0
DA:13,0
DA:14,0
DA:15,0
DA:17,0
DA:19,0
DA:20,0
DA:21,0
DA:22,0
DA:23,0
DA:24,0
DA:25,0
DA:26,0
DA:27,0
DA:28,0
DA:30,0
DA:31,0
DA:32,0
DA:33,0
DA:34,0
DA:35,0
DA:36,0
DA:37,0
DA:38,0
DA:39,0
DA:40,0
DA:41,0
DA:42,0
DA:43,0
DA:44,0
DA:46,0
DA:47,0
DA:48,0
DA:49,0
DA:50,0
DA:51,0
DA:52,0
DA:53,0
DA:54,0
DA:55,0
DA:56,0
DA:57,0
BRF:0
BRH:0
LF:47
LH:0
end_of_record
SF:/Users/mykolborghese/rust-backend/src/api/routes/ws/handlers.rs
FN:13,_RNvNtNtNtNtCscP9pq2ikS3v_12rust_backend3api6routes2ws8handlers19handle_text_message
FN:28,_RNCNCNvNtNtNtNtCscP9pq2ikS3v_12rust_backend3api6routes2ws8handlers19handle_text_message00Bd_
FN:82,_RNCNCNvNtNtNtNtCscP9pq2ikS3v_12rust_backend3api6routes2ws8handlers19handle_text_message0s_0Bd_
FN:19,_RNCNvNtNtNtNtCscP9pq2ikS3v_12rust_backend3api6routes2ws8handlers19handle_text_message0Bb_
FN:28,_RNCNCNvNtNtNtNtCs4kTbYauoumE_12rust_backend3api6routes2ws8handlers19handle_text_message00Bd_
FN:82,_RNCNCNvNtNtNtNtCs4kTbYauoumE_12rust_backend3api6routes2ws8handlers19handle_text_message0s_0Bd_
FN:19,_RNCNvNtNtNtNtCs4kTbYauoumE_12rust_backend3api6routes2ws8handlers19handle_text_message0Bb_
FN:13,_RNvNtNtNtNtCs4kTbYauoumE_12rust_backend3api6routes2ws8handlers19handle_text_message
FNDA:0,_RNvNtNtNtNtCscP9pq2ikS3v_12rust_backend3api6routes2ws8handlers19handle_text_message
FNDA:0,_RNCNCNvNtNtNtNtCscP9pq2ikS3v_12rust_backend3api6routes2ws8handlers19handle_text_message00Bd_
FNDA:0,_RNCNCNvNtNtNtNtCscP9pq2ikS3v_12rust_backend3api6routes2ws8handlers19handle_text_message0s_0Bd_
FNDA:0,_RNCNvNtNtNtNtCscP9pq2ikS3v_12rust_backend3api6routes2ws8handlers19handle_text_message0Bb_
FNDA:0,_RNCNCNvNtNtNtNtCs4kTbYauoumE_12rust_backend3api6routes2ws8handlers19handle_text_message00Bd_
FNDA:0,_RNCNCNvNtNtNtNtCs4kTbYauoumE_12rust_backend3api6routes2ws8handlers19handle_text_message0s_0Bd_
FNDA:0,_RNCNvNtNtNtNtCs4kTbYauoumE_12rust_backend3api6routes2ws8handlers19handle_text_message0Bb_
FNDA:0,_RNvNtNtNtNtCs4kTbYauoumE_12rust_backend3api6routes2ws8handlers19handle_text_message
FNF:4
FNH:0
DA:13,0
DA:14,0
DA:15,0
DA:16,0
DA:17,0
DA:18,0
DA:19,0
DA:20,0
DA:22,0
DA:23,0
DA:24,0
DA:25,0
DA:26,0
DA:27,0
DA:28,0
DA:30,0
DA:31,0
DA:34,0
DA:35,0
DA:36,0
DA:37,0
DA:38,0
DA:39,0
DA:40,0
DA:41,0
DA:42,0
DA:44,0
DA:45,0
DA:47,0
DA:48,0
DA:49,0
DA:50,0
DA:51,0
DA:52,0
DA:53,0
DA:54,0
DA:55,0
DA:56,0
DA:57,0
DA:60,0
DA:62,0
DA:63,0
DA:64,0
DA:65,0
DA:66,0
DA:67,0
DA:68,0
DA:69,0
DA:70,0
DA:71,0
DA:72,0
DA:73,0
DA:74,0
DA:75,0
DA:78,0
DA:81,0
DA:82,0
DA:83,0
DA:84,0
DA:88,0
DA:89,0
BRF:0
BRH:0
LF:65
LH:0
end_of_record
SF:/Users/mykolborghese/rust-backend/src/api/routes/ws/hub.rs
FN:56,_RNCNCNvMNtNtNtNtCscP9pq2ikS3v_12rust_backend3api6routes2ws3hubNtB6_15WsConnectionHub18broadcast_to_users00Be_
FN:40,_RNCNvMNtNtNtNtCscP9pq2ikS3v_12rust_backend3api6routes2ws3hubNtB4_15WsConnectionHub10prune_user0Bc_
FN:52,_RNCNvMNtNtNtNtCscP9pq2ikS3v_12rust_backend3api6routes2ws3hubNtB4_15WsConnectionHub18broadcast_to_users0Bc_
FN:78,_RNCNvMNtNtNtNtCscP9pq2ikS3v_12rust_backend3api6routes2ws3hubNtB4_15WsConnectionHub18broadcast_to_userss_0Bc_
FN:37,_RNvMNtNtNtNtCscP9pq2ikS3v_12rust_backend3api6routes2ws3hubNtB2_15WsConnectionHub10prune_user
FN:14,_RNvMNtNtNtNtCscP9pq2ikS3v_12rust_backend3api6routes2ws3hubNtB2_15WsConnectionHub13read_sessions
FN:22,_RNvMNtNtNtNtCscP9pq2ikS3v_12rust_backend3api6routes2ws3hubNtB2_15WsConnectionHub14write_sessions
FN:47,_RNvMNtNtNtNtCscP9pq2ikS3v_12rust_backend3api6routes2ws3hubNtB2_15WsConnectionHub18broadcast_to_users
FN:30,_RNvMNtNtNtNtCscP9pq2ikS3v_12rust_backend3api6routes2ws3hubNtB2_15WsConnectionHub8register
FN:37,_RNvMNtNtNtNtCs4kTbYauoumE_12rust_backend3api6routes2ws3hubNtB2_15WsConnectionHub10prune_user
FN:14,_RNvMNtNtNtNtCs4kTbYauoumE_12rust_backend3api6routes2ws3hubNtB2_15WsConnectionHub13read_sessions
FN:22,_RNvMNtNtNtNtCs4kTbYauoumE_12rust_backend3api6routes2ws3hubNtB2_15WsConnectionHub14write_sessions
FN:47,_RNvMNtNtNtNtCs4kTbYauoumE_12rust_backend3api6routes2ws3hubNtB2_15WsConnectionHub18broadcast_to_users
FN:30,_RNvMNtNtNtNtCs4kTbYauoumE_12rust_backend3api6routes2ws3hubNtB2_15WsConnectionHub8register
FN:56,_RNCNCNvMNtNtNtNtCs4kTbYauoumE_12rust_backend3api6routes2ws3hubNtB6_15WsConnectionHub18broadcast_to_users00Be_
FN:40,_RNCNvMNtNtNtNtCs4kTbYauoumE_12rust_backend3api6routes2ws3hubNtB4_15WsConnectionHub10prune_user0Bc_
FN:52,_RNCNvMNtNtNtNtCs4kTbYauoumE_12rust_backend3api6routes2ws3hubNtB4_15WsConnectionHub18broadcast_to_users0Bc_
FN:78,_RNCNvMNtNtNtNtCs4kTbYauoumE_12rust_backend3api6routes2ws3hubNtB4_15WsConnectionHub18broadcast_to_userss_0Bc_
FNDA:0,_RNCNCNvMNtNtNtNtCscP9pq2ikS3v_12rust_backend3api6routes2ws3hubNtB6_15WsConnectionHub18broadcast_to_users00Be_
FNDA:0,_RNCNvMNtNtNtNtCscP9pq2ikS3v_12rust_backend3api6routes2ws3hubNtB4_15WsConnectionHub10prune_user0Bc_
FNDA:0,_RNCNvMNtNtNtNtCscP9pq2ikS3v_12rust_backend3api6routes2ws3hubNtB4_15WsConnectionHub18broadcast_to_users0Bc_
FNDA:0,_RNCNvMNtNtNtNtCscP9pq2ikS3v_12rust_backend3api6routes2ws3hubNtB4_15WsConnectionHub18broadcast_to_userss_0Bc_
FNDA:0,_RNvMNtNtNtNtCscP9pq2ikS3v_12rust_backend3api6routes2ws3hubNtB2_15WsConnectionHub10prune_user
FNDA:0,_RNvMNtNtNtNtCscP9pq2ikS3v_12rust_backend3api6routes2ws3hubNtB2_15WsConnectionHub13read_sessions
FNDA:0,_RNvMNtNtNtNtCscP9pq2ikS3v_12rust_backend3api6routes2ws3hubNtB2_15WsConnectionHub14write_sessions
FNDA:0,_RNvMNtNtNtNtCscP9pq2ikS3v_12rust_backend3api6routes2ws3hubNtB2_15WsConnectionHub18broadcast_to_users
FNDA:0,_RNvMNtNtNtNtCscP9pq2ikS3v_12rust_backend3api6routes2ws3hubNtB2_15WsConnectionHub8register
FNDA:2,_RNvMNtNtNtNtCs4kTbYauoumE_12rust_backend3api6routes2ws3hubNtB2_15WsConnectionHub10prune_user
FNDA:5,_RNvMNtNtNtNtCs4kTbYauoumE_12rust_backend3api6routes2ws3hubNtB2_15WsConnectionHub13read_sessions
FNDA:11,_RNvMNtNtNtNtCs4kTbYauoumE_12rust_backend3api6routes2ws3hubNtB2_15WsConnectionHub14write_sessions
FNDA:5,_RNvMNtNtNtNtCs4kTbYauoumE_12rust_backend3api6routes2ws3hubNtB2_15WsConnectionHub18broadcast_to_users
FNDA:7,_RNvMNtNtNtNtCs4kTbYauoumE_12rust_backend3api6routes2ws3hubNtB2_15WsConnectionHub8register
FNDA:3,_RNCNCNvMNtNtNtNtCs4kTbYauoumE_12rust_backend3api6routes2ws3hubNtB6_15WsConnectionHub18broadcast_to_users00Be_
FNDA:2,_RNCNvMNtNtNtNtCs4kTbYauoumE_12rust_backend3api6routes2ws3hubNtB4_15WsConnectionHub10prune_user0Bc_
FNDA:6,_RNCNvMNtNtNtNtCs4kTbYauoumE_12rust_backend3api6routes2ws3hubNtB4_15WsConnectionHub18broadcast_to_users0Bc_
FNDA:4,_RNCNvMNtNtNtNtCs4kTbYauoumE_12rust_backend3api6routes2ws3hubNtB4_15WsConnectionHub18broadcast_to_userss_0Bc_
FNF:9
FNH:9
DA:14,5
DA:15,5
DA:16,5
DA:17,5
DA:18,5
DA:19,5
DA:20,5
DA:22,11
DA:23,11
DA:24,11
DA:25,11
DA:26,11
DA:27,11
DA:28,11
DA:30,7
DA:31,7
DA:32,7
DA:33,7
DA:34,7
DA:35,7
DA:37,2
DA:38,2
DA:39,2
DA:40,2
DA:41,2
DA:42,2
DA:43,2
DA:44,0
DA:45,2
DA:47,5
DA:48,5
DA:49,5
DA:50,5
DA:51,5
DA:52,6
DA:53,6
DA:54,6
DA:55,6
DA:56,6
DA:57,6
DA:58,5
DA:61,5
DA:62,5
DA:63,3
DA:64,5
DA:65,5
DA:66,2
DA:67,3
DA:69,3
DA:70,2
DA:71,2
DA:74,5
DA:75,2
DA:76,2
DA:77,2
DA:78,4
DA:79,2
DA:80,0
DA:81,2
DA:82,0
DA:84,3
DA:85,5
BRF:0
BRH:0
LF:66
LH:63
end_of_record
SF:/Users/mykolborghese/rust-backend/src/api/routes/ws/messages.rs
FN:33,_RNCNvNtNtNtNtCscP9pq2ikS3v_12rust_backend3api6routes2ws8messages17parse_ws_envelope0Bb_
FN:54,_RNCNvNtNtNtNtCscP9pq2ikS3v_12rust_backend3api6routes2ws8messages18parse_read_payload0Bb_
FN:56,_RNCNvNtNtNtNtCscP9pq2ikS3v_12rust_backend3api6routes2ws8messages18parse_read_payloads_0Bb_
FN:47,_RNCNvNtNtNtNtCscP9pq2ikS3v_12rust_backend3api6routes2ws8messages20parse_typing_payload0Bb_
FN:49,_RNCNvNtNtNtNtCscP9pq2ikS3v_12rust_backend3api6routes2ws8messages20parse_typing_payloads_0Bb_
FN:40,_RNCNvNtNtNtNtCscP9pq2ikS3v_12rust_backend3api6routes2ws8messages26parse_send_message_payload0Bb_
FN:42,_RNCNvNtNtNtNtCscP9pq2ikS3v_12rust_backend3api6routes2ws8messages26parse_send_message_payloads_0Bb_
FN:31,_RNvNtNtNtNtCscP9pq2ikS3v_12rust_backend3api6routes2ws8messages17parse_ws_envelope
FN:52,_RNvNtNtNtNtCscP9pq2ikS3v_12rust_backend3api6routes2ws8messages18parse_read_payload
FN:45,_RNvNtNtNtNtCscP9pq2ikS3v_12rust_backend3api6routes2ws8messages20parse_typing_payload
FN:36,_RNvNtNtNtNtCscP9pq2ikS3v_12rust_backend3api6routes2ws8messages26parse_send_message_payload
FN:33,_RNCNvNtNtNtNtCs4kTbYauoumE_12rust_backend3api6routes2ws8messages17parse_ws_envelope0Bb_
FN:54,_RNCNvNtNtNtNtCs4kTbYauoumE_12rust_backend3api6routes2ws8messages18parse_read_payload0Bb_
FN:56,_RNCNvNtNtNtNtCs4kTbYauoumE_12rust_backend3api6routes2ws8messages18parse_read_payloads_0Bb_
FN:47,_RNCNvNtNtNtNtCs4kTbYauoumE_12rust_backend3api6routes2ws8messages20parse_typing_payload0Bb_
FN:49,_RNCNvNtNtNtNtCs4kTbYauoumE_12rust_backend3api6routes2ws8messages20parse_typing_payloads_0Bb_
FN:40,_RNCNvNtNtNtNtCs4kTbYauoumE_12rust_backend3api6routes2ws8messages26parse_send_message_payload0Bb_
FN:42,_RNCNvNtNtNtNtCs4kTbYauoumE_12rust_backend3api6routes2ws8messages26parse_send_message_payloads_0Bb_
FN:31,_RNvNtNtNtNtCs4kTbYauoumE_12rust_backend3api6routes2ws8messages17parse_ws_envelope
FN:52,_RNvNtNtNtNtCs4kTbYauoumE_12rust_backend3api6routes2ws8messages18parse_read_payload
FN:45,_RNvNtNtNtNtCs4kTbYauoumE_12rust_backend3api6routes2ws8messages20parse_typing_payload
FN:36,_RNvNtNtNtNtCs4kTbYauoumE_12rust_backend3api6routes2ws8messages26parse_send_message_payload
FNDA:0,_RNCNvNtNtNtNtCscP9pq2ikS3v_12rust_backend3api6routes2ws8messages17parse_ws_envelope0Bb_
FNDA:0,_RNCNvNtNtNtNtCscP9pq2ikS3v_12rust_backend3api6routes2ws8messages18parse_read_payload0Bb_
FNDA:0,_RNCNvNtNtNtNtCscP9pq2ikS3v_12rust_backend3api6routes2ws8messages18parse_read_payloads_0Bb_
FNDA:0,_RNCNvNtNtNtNtCscP9pq2ikS3v_12rust_backend3api6routes2ws8messages20parse_typing_payload0Bb_
FNDA:0,_RNCNvNtNtNtNtCscP9pq2ikS3v_12rust_backend3api6routes2ws8messages20parse_typing_payloads_0Bb_
FNDA:0,_RNCNvNtNtNtNtCscP9pq2ikS3v_12rust_backend3api6routes2ws8messages26parse_send_message_payload0Bb_
FNDA:0,_RNCNvNtNtNtNtCscP9pq2ikS3v_12rust_backend3api6routes2ws8messages26parse_send_message_payloads_0Bb_
FNDA:0,_RNvNtNtNtNtCscP9pq2ikS3v_12rust_backend3api6routes2ws8messages17parse_ws_envelope
FNDA:0,_RNvNtNtNtNtCscP9pq2ikS3v_12rust_backend3api6routes2ws8messages18parse_read_payload
FNDA:0,_RNvNtNtNtNtCscP9pq2ikS3v_12rust_backend3api6routes2ws8messages20parse_typing_payload
FNDA:0,_RNvNtNtNtNtCscP9pq2ikS3v_12rust_backend3api6routes2ws8messages26parse_send_message_payload
FNDA:2,_RNCNvNtNtNtNtCs4kTbYauoumE_12rust_backend3api6routes2ws8messages17parse_ws_envelope0Bb_
FNDA:1,_RNCNvNtNtNtNtCs4kTbYauoumE_12rust_backend3api6routes2ws8messages18parse_read_payload0Bb_
FNDA:1,_RNCNvNtNtNtNtCs4kTbYauoumE_12rust_backend3api6routes2ws8messages18parse_read_payloads_0Bb_
FNDA:1,_RNCNvNtNtNtNtCs4kTbYauoumE_12rust_backend3api6routes2ws8messages20parse_typing_payload0Bb_
FNDA:1,_RNCNvNtNtNtNtCs4kTbYauoumE_12rust_backend3api6routes2ws8messages20parse_typing_payloads_0Bb_
FNDA:1,_RNCNvNtNtNtNtCs4kTbYauoumE_12rust_backend3api6routes2ws8messages26parse_send_message_payload0Bb_
FNDA:2,_RNCNvNtNtNtNtCs4kTbYauoumE_12rust_backend3api6routes2ws8messages26parse_send_message_payloads_0Bb_
FNDA:3,_RNvNtNtNtNtCs4kTbYauoumE_12rust_backend3api6routes2ws8messages17parse_ws_envelope
FNDA:3,_RNvNtNtNtNtCs4kTbYauoumE_12rust_backend3api6routes2ws8messages18parse_read_payload
FNDA:3,_RNvNtNtNtNtCs4kTbYauoumE_12rust_backend3api6routes2ws8messages20parse_typing_payload
FNDA:3,_RNvNtNtNtNtCs4kTbYauoumE_12rust_backend3api6routes2ws8messages26parse_send_message_payload
FNF:11
FNH:11
DA:31,3
DA:32,3
DA:33,3
DA:34,3
DA:36,3
DA:37,3
DA:38,3
DA:39,2
DA:40,3
DA:41,2
DA:42,2
DA:43,3
DA:45,3
DA:46,2
DA:47,3
DA:48,2
DA:49,2
DA:50,3
DA:52,3
DA:53,2
DA:54,3
DA:55,2
DA:56,2
DA:57,3
BRF:0
BRH:0
LF:31
LH:31
end_of_record
SF:/Users/mykolborghese/rust-backend/src/api/routes/ws/mod.rs
FN:58,_RNCNCNvNtNtNtCscP9pq2ikS3v_12rust_backend3api6routes2ws10ws_upgrade00Bb_
FN:65,_RNCNCNvNtNtNtCscP9pq2ikS3v_12rust_backend3api6routes2ws10ws_upgrade0s_0Bb_
FN:90,_RNCNCNvNtNtNtCscP9pq2ikS3v_12rust_backend3api6routes2ws20authenticate_ws_user00Bb_
FN:96,_RNCNCNvNtNtNtCscP9pq2ikS3v_12rust_backend3api6routes2ws20authenticate_ws_user0s0_0Bb_
FN:93,_RNCNCNvNtNtNtCscP9pq2ikS3v_12rust_backend3api6routes2ws20authenticate_ws_user0s_0Bb_
FN:44,_RNCNvNtNtNtCscP9pq2ikS3v_12rust_backend3api6routes2ws10ws_upgrade0B9_
FN:120,_RNCNvNtNtNtCscP9pq2ikS3v_12rust_backend3api6routes2ws16extract_ws_token0B9_
FN:136,_RNCNvNtNtNtCscP9pq2ikS3v_12rust_backend3api6routes2ws16extract_ws_tokens0_0B9_
FN:127,_RNCNvNtNtNtCscP9pq2ikS3v_12rust_backend3api6routes2ws16extract_ws_tokens_0B9_
FN:85,_RNCNvNtNtNtCscP9pq2ikS3v_12rust_backend3api6routes2ws20authenticate_ws_user0B9_
FN:154,_RNCNvNtNtNtCscP9pq2ikS3v_12rust_backend3api6routes2ws20is_secure_ws_request0B9_
FN:155,_RNCNvNtNtNtCscP9pq2ikS3v_12rust_backend3api6routes2ws20is_secure_ws_requests_0B9_
FN:165,_RNCNvNtNtNtCscP9pq2ikS3v_12rust_backend3api6routes2ws7ws_loop0B9_
FN:40,_RNvNtNtNtCscP9pq2ikS3v_12rust_backend3api6routes2ws10ws_upgrade
FN:110,_RNvNtNtNtCscP9pq2ikS3v_12rust_backend3api6routes2ws16extract_ws_token
FN:82,_RNvNtNtNtCscP9pq2ikS3v_12rust_backend3api6routes2ws20authenticate_ws_user
FN:146,_RNvNtNtNtCscP9pq2ikS3v_12rust_backend3api6routes2ws20is_secure_ws_request
FN:158,_RNvNtNtNtCscP9pq2ikS3v_12rust_backend3api6routes2ws7ws_loop
FN:36,_RNvNtNtNtCscP9pq2ikS3v_12rust_backend3api6routes2ws9configure
FN:58,_RNCNCNvNtNtNtCs4kTbYauoumE_12rust_backend3api6routes2ws10ws_upgrade00Bb_
FN:65,_RNCNCNvNtNtNtCs4kTbYauoumE_12rust_backend3api6routes2ws10ws_upgrade0s_0Bb_
FN:90,_RNCNCNvNtNtNtCs4kTbYauoumE_12rust_backend3api6routes2ws20authenticate_ws_user00Bb_
FN:96,_RNCNCNvNtNtNtCs4kTbYauoumE_12rust_backend3api6routes2ws20authenticate_ws_user0s0_0Bb_
FN:93,_RNCNCNvNtNtNtCs4kTbYauoumE_12rust_backend3api6routes2ws20authenticate_ws_user0s_0Bb_
FN:44,_RNCNvNtNtNtCs4kTbYauoumE_12rust_backend3api6routes2ws10ws_upgrade0B9_
FN:120,_RNCNvNtNtNtCs4kTbYauoumE_12rust_backend3api6routes2ws16extract_ws_token0B9_
FN:136,_RNCNvNtNtNtCs4kTbYauoumE_12rust_backend3api6routes2ws16extract_ws_tokens0_0B9_
FN:127,_RNCNvNtNtNtCs4kTbYauoumE_12rust_backend3api6routes2ws16extract_ws_tokens_0B9_
FN:85,_RNCNvNtNtNtCs4kTbYauoumE_12rust_backend3api6routes2ws20authenticate_ws_user0B9_
FN:154,_RNCNvNtNtNtCs4kTbYauoumE_12rust_backend3api6routes2ws20is_secure_ws_request0B9_
FN:155,_RNCNvNtNtNtCs4kTbYauoumE_12rust_backend3api6routes2ws20is_secure_ws_requests_0B9_
FN:165,_RNCNvNtNtNtCs4kTbYauoumE_12rust_backend3api6routes2ws7ws_loop0B9_
FN:40,_RNvNtNtNtCs4kTbYauoumE_12rust_backend3api6routes2ws10ws_upgrade
FN:110,_RNvNtNtNtCs4kTbYauoumE_12rust_backend3api6routes2ws16extract_ws_token
FN:82,_RNvNtNtNtCs4kTbYauoumE_12rust_backend3api6routes2ws20authenticate_ws_user
FN:146,_RNvNtNtNtCs4kTbYauoumE_12rust_backend3api6routes2ws20is_secure_ws_request
FN:158,_RNvNtNtNtCs4kTbYauoumE_12rust_backend3api6routes2ws7ws_loop
FN:36,_RNvNtNtNtCs4kTbYauoumE_12rust_backend3api6routes2ws9configure
FNDA:0,_RNCNCNvNtNtNtCscP9pq2ikS3v_12rust_backend3api6routes2ws10ws_upgrade00Bb_
FNDA:0,_RNCNCNvNtNtNtCscP9pq2ikS3v_12rust_backend3api6routes2ws10ws_upgrade0s_0Bb_
FNDA:0,_RNCNCNvNtNtNtCscP9pq2ikS3v_12rust_backend3api6routes2ws20authenticate_ws_user00Bb_
FNDA:0,_RNCNCNvNtNtNtCscP9pq2ikS3v_12rust_backend3api6routes2ws20authenticate_ws_user0s0_0Bb_
FNDA:0,_RNCNCNvNtNtNtCscP9pq2ikS3v_12rust_backend3api6routes2ws20authenticate_ws_user0s_0Bb_
FNDA:0,_RNCNvNtNtNtCscP9pq2ikS3v_12rust_backend3api6routes2ws10ws_upgrade0B9_
FNDA:0,_RNCNvNtNtNtCscP9pq2ikS3v_12rust_backend3api6routes2ws16extract_ws_token0B9_
FNDA:0,_RNCNvNtNtNtCscP9pq2ikS3v_12rust_backend3api6routes2ws16extract_ws_tokens0_0B9_
FNDA:0,_RNCNvNtNtNtCscP9pq2ikS3v_12rust_backend3api6routes2ws16extract_ws_tokens_0B9_
FNDA:0,_RNCNvNtNtNtCscP9pq2ikS3v_12rust_backend3api6routes2ws20authenticate_ws_user0B9_
FNDA:0,_RNCNvNtNtNtCscP9pq2ikS3v_12rust_backend3api6routes2ws20is_secure_ws_request0B9_
FNDA:0,_RNCNvNtNtNtCscP9pq2ikS3v_12rust_backend3api6routes2ws20is_secure_ws_requests_0B9_
FNDA:0,_RNCNvNtNtNtCscP9pq2ikS3v_12rust_backend3api6routes2ws7ws_loop0B9_
FNDA:0,_RNvNtNtNtCscP9pq2ikS3v_12rust_backend3api6routes2ws10ws_upgrade
FNDA:0,_RNvNtNtNtCscP9pq2ikS3v_12rust_backend3api6routes2ws16extract_ws_token
FNDA:0,_RNvNtNtNtCscP9pq2ikS3v_12rust_backend3api6routes2ws20authenticate_ws_user
FNDA:0,_RNvNtNtNtCscP9pq2ikS3v_12rust_backend3api6routes2ws20is_secure_ws_request
FNDA:0,_RNvNtNtNtCscP9pq2ikS3v_12rust_backend3api6routes2ws7ws_loop
FNDA:0,_RNvNtNtNtCscP9pq2ikS3v_12rust_backend3api6routes2ws9configure
FNDA:0,_RNCNCNvNtNtNtCs4kTbYauoumE_12rust_backend3api6routes2ws10ws_upgrade00Bb_
FNDA:0,_RNCNCNvNtNtNtCs4kTbYauoumE_12rust_backend3api6routes2ws10ws_upgrade0s_0Bb_
FNDA:0,_RNCNCNvNtNtNtCs4kTbYauoumE_12rust_backend3api6routes2ws20authenticate_ws_user00Bb_
FNDA:0,_RNCNCNvNtNtNtCs4kTbYauoumE_12rust_backend3api6routes2ws20authenticate_ws_user0s0_0Bb_
FNDA:0,_RNCNCNvNtNtNtCs4kTbYauoumE_12rust_backend3api6routes2ws20authenticate_ws_user0s_0Bb_
FNDA:3,_RNCNvNtNtNtCs4kTbYauoumE_12rust_backend3api6routes2ws10ws_upgrade0B9_
FNDA:4,_RNCNvNtNtNtCs4kTbYauoumE_12rust_backend3api6routes2ws16extract_ws_token0B9_
FNDA:4,_RNCNvNtNtNtCs4kTbYauoumE_12rust_backend3api6routes2ws16extract_ws_tokens0_0B9_
FNDA:4,_RNCNvNtNtNtCs4kTbYauoumE_12rust_backend3api6routes2ws16extract_ws_tokens_0B9_
FNDA:2,_RNCNvNtNtNtCs4kTbYauoumE_12rust_backend3api6routes2ws20authenticate_ws_user0B9_
FNDA:3,_RNCNvNtNtNtCs4kTbYauoumE_12rust_backend3api6routes2ws20is_secure_ws_request0B9_
FNDA:3,_RNCNvNtNtNtCs4kTbYauoumE_12rust_backend3api6routes2ws20is_secure_ws_requests_0B9_
FNDA:0,_RNCNvNtNtNtCs4kTbYauoumE_12rust_backend3api6routes2ws7ws_loop0B9_
FNDA:3,_RNvNtNtNtCs4kTbYauoumE_12rust_backend3api6routes2ws10ws_upgrade
FNDA:9,_RNvNtNtNtCs4kTbYauoumE_12rust_backend3api6routes2ws16extract_ws_token
FNDA:2,_RNvNtNtNtCs4kTbYauoumE_12rust_backend3api6routes2ws20authenticate_ws_user
FNDA:6,_RNvNtNtNtCs4kTbYauoumE_12rust_backend3api6routes2ws20is_secure_ws_request
FNDA:0,_RNvNtNtNtCs4kTbYauoumE_12rust_backend3api6routes2ws7ws_loop
FNDA:3,_RNvNtNtNtCs4kTbYauoumE_12rust_backend3api6routes2ws9configure
FNF:19
FNH:12
DA:36,3
DA:37,3
DA:38,3
DA:40,3
DA:41,3
DA:42,3
DA:43,3
DA:44,3
DA:45,3
DA:46,1
DA:47,1
DA:48,1
DA:49,2
DA:51,2
DA:52,1
DA:53,1
DA:54,1
DA:55,1
DA:57,1
DA:58,1
DA:60,1
DA:61,1
DA:62,1
DA:63,1
DA:64,1
DA:65,1
DA:66,0
DA:67,0
DA:68,0
DA:69,0
DA:70,0
DA:71,0
DA:72,0
DA:74,0
DA:75,0
DA:76,0
DA:77,0
DA:79,1
DA:80,3
DA:82,2
DA:83,2
DA:84,2
DA:85,2
DA:86,2
DA:88,1
DA:89,1
DA:90,1
DA:91,1
DA:92,1
DA:93,1
DA:94,1
DA:95,1
DA:96,1
DA:97,0
DA:98,0
DA:100,1
DA:101,1
DA:102,1
DA:103,1
DA:104,1
DA:105,1
DA:106,1
DA:107,1
DA:108,2
DA:110,9
DA:111,9
DA:112,9
DA:113,0
DA:114,9
DA:115,0
DA:117,9
DA:118,9
DA:119,9
DA:120,9
DA:123,4
DA:124,4
DA:125,4
DA:126,4
DA:127,4
DA:129,4
DA:130,0
DA:131,5
DA:133,5
DA:134,5
DA:135,5
DA:136,5
DA:137,4
DA:138,4
DA:139,4
DA:140,4
DA:141,2
DA:142,2
DA:143,2
DA:144,9
DA:146,6
DA:147,6
DA:148,1
DA:149,5
DA:151,5
DA:152,5
DA:153,5
DA:154,5
DA:155,5
DA:156,6
DA:158,0
DA:159,0
DA:160,0
DA:161,0
DA:162,0
DA:163,0
DA:164,0
DA:165,0
DA:166,0
DA:167,0
DA:168,0
DA:169,0
DA:172,0
DA:173,0
DA:174,0
DA:175,0
DA:176,0
DA:177,0
DA:178,0
DA:179,0
DA:180,0
DA:182,0
DA:183,0
DA:184,0
DA:187,0
DA:188,0
DA:189,0
DA:190,0
DA:191,0
DA:192,0
DA:194,0
DA:195,0
DA:196,0
DA:197,0
DA:198,0
DA:199,0
DA:200,0
DA:201,0
DA:202,0
DA:203,0
DA:204,0
DA:205,0
DA:207,0
DA:209,0
DA:211,0
DA:212,0
DA:213,0
DA:214,0
DA:215,0
DA:217,0
DA:219,0
DA:221,0
DA:222,0
DA:223,0
DA:226,0
DA:227,0
DA:228,0
DA:229,0
DA:231,0
DA:234,0
DA:235,0
DA:236,0
DA:238,0
DA:239,0
DA:240,0
DA:245,0
DA:246,0
BRF:0
BRH:0
LF:185
LH:95
end_of_record
SF:/Users/mykolborghese/rust-backend/src/application/admin/category.rs
FN:32,_RNCNCNvNtNtNtCscP9pq2ikS3v_12rust_backend11application5admin8category24validate_category_parent00Bb_
FN:9,_RNCNvNtNtNtCscP9pq2ikS3v_12rust_backend11application5admin8category24validate_category_parent0B9_
FN:5,_RNvNtNtNtCscP9pq2ikS3v_12rust_backend11application5admin8category24validate_category_parent
FN:32,_RNCNCNvNtNtNtCs4kTbYauoumE_12rust_backend11application5admin8category24validate_category_parent00Bb_
FN:9,_RNCNvNtNtNtCs4kTbYauoumE_12rust_backend11application5admin8category24validate_category_parent0B9_
FN:5,_RNvNtNtNtCs4kTbYauoumE_12rust_backend11application5admin8category24validate_category_parent
FNDA:0,_RNCNCNvNtNtNtCscP9pq2ikS3v_12rust_backend11application5admin8category24validate_category_parent00Bb_
FNDA:0,_RNCNvNtNtNtCscP9pq2ikS3v_12rust_backend11application5admin8category24validate_category_parent0B9_
FNDA:0,_RNvNtNtNtCscP9pq2ikS3v_12rust_backend11application5admin8category24validate_category_parent
FNDA:0,_RNCNCNvNtNtNtCs4kTbYauoumE_12rust_backend11application5admin8category24validate_category_parent00Bb_
FNDA:0,_RNCNvNtNtNtCs4kTbYauoumE_12rust_backend11application5admin8category24validate_category_parent0B9_
FNDA:0,_RNvNtNtNtCs4kTbYauoumE_12rust_backend11application5admin8category24validate_category_parent
FNF:3
FNH:0
DA:5,0
DA:6,0
DA:7,0
DA:8,0
DA:9,0
DA:10,0
DA:11,0
DA:14,0
DA:15,0
DA:16,0
DA:17,0
DA:18,0
DA:20,0
DA:23,0
DA:24,0
DA:25,0
DA:26,0
DA:27,0
DA:29,0
DA:30,0
DA:31,0
DA:32,0
DA:34,0
DA:35,0
DA:36,0
DA:37,0
DA:38,0
DA:40,0
DA:41,0
DA:44,0
DA:46,0
BRF:0
BRH:0
LF:33
LH:0
end_of_record
SF:/Users/mykolborghese/rust-backend/src/application/admin/mapper.rs
FN:12,_RNvNtNtNtCscP9pq2ikS3v_12rust_backend11application5admin6mapper10parse_role
FN:27,_RNvNtNtNtCscP9pq2ikS3v_12rust_backend11application5admin6mapper12map_category
FN:36,_RNvNtNtNtCscP9pq2ikS3v_12rust_backend11application5admin6mapper15map_user_detail
FN:23,_RNvNtNtNtCscP9pq2ikS3v_12rust_backend11application5admin6mapper19parse_optional_role
FN:5,_RNvNtNtNtCscP9pq2ikS3v_12rust_backend11application5admin6mapper20normalize_pagination
FN:12,_RNvNtNtNtCs4kTbYauoumE_12rust_backend11application5admin6mapper10parse_role
FN:27,_RNvNtNtNtCs4kTbYauoumE_12rust_backend11application5admin6mapper12map_category
FN:36,_RNvNtNtNtCs4kTbYauoumE_12rust_backend11application5admin6mapper15map_user_detail
FN:23,_RNvNtNtNtCs4kTbYauoumE_12rust_backend11application5admin6mapper19parse_optional_role
FN:5,_RNvNtNtNtCs4kTbYauoumE_12rust_backend11application5admin6mapper20normalize_pagination
FNDA:0,_RNvNtNtNtCscP9pq2ikS3v_12rust_backend11application5admin6mapper10parse_role
FNDA:0,_RNvNtNtNtCscP9pq2ikS3v_12rust_backend11application5admin6mapper12map_category
FNDA:0,_RNvNtNtNtCscP9pq2ikS3v_12rust_backend11application5admin6mapper15map_user_detail
FNDA:0,_RNvNtNtNtCscP9pq2ikS3v_12rust_backend11application5admin6mapper19parse_optional_role
FNDA:0,_RNvNtNtNtCscP9pq2ikS3v_12rust_backend11application5admin6mapper20normalize_pagination
FNDA:0,_RNvNtNtNtCs4kTbYauoumE_12rust_backend11application5admin6mapper10parse_role
FNDA:0,_RNvNtNtNtCs4kTbYauoumE_12rust_backend11application5admin6mapper12map_category
FNDA:0,_RNvNtNtNtCs4kTbYauoumE_12rust_backend11application5admin6mapper15map_user_detail
FNDA:0,_RNvNtNtNtCs4kTbYauoumE_12rust_backend11application5admin6mapper19parse_optional_role
FNDA:0,_RNvNtNtNtCs4kTbYauoumE_12rust_backend11application5admin6mapper20normalize_pagination
FNF:5
FNH:0
DA:5,0
DA:6,0
DA:7,0
DA:8,0
DA:9,0
DA:10,0
DA:12,0
DA:13,0
DA:14,0
DA:15,0
DA:16,0
DA:17,0
DA:18,0
DA:19,0
DA:21,0
DA:23,0
DA:24,0
DA:25,0
DA:27,0
DA:28,0
DA:29,0
DA:30,0
DA:31,0
DA:32,0
DA:33,0
DA:34,0
DA:36,0
DA:37,0
DA:38,0
DA:39,0
DA:40,0
DA:41,0
DA:42,0
DA:43,0
DA:44,0
DA:45,0
DA:46,0
DA:47,0
DA:48,0
BRF:0
BRH:0
LF:39
LH:0
end_of_record
SF:/Users/mykolborghese/rust-backend/src/application/admin/mod.rs
FN:172,_RNCNCNvMNtNtCscP9pq2ikS3v_12rust_backend11application5adminNtB6_12AdminService14list_equipment00Ba_
FN:106,_RNCNCNvMNtNtCscP9pq2ikS3v_12rust_backend11application5adminNtB6_12AdminService15get_user_detail00Ba_
FN:267,_RNCNCNvMNtNtCscP9pq2ikS3v_12rust_backend11application5adminNtB6_12AdminService15update_category00Ba_
FN:68,_RNCNvMNtNtCscP9pq2ikS3v_12rust_backend11application5adminNtB4_12AdminService10list_users0B8_
FN:139,_RNCNvMNtNtCscP9pq2ikS3v_12rust_backend11application5adminNtB4_12AdminService11delete_user0B8_
FN:215,_RNCNvMNtNtCscP9pq2ikS3v_12rust_backend11application5adminNtB4_12AdminService13require_admin0B8_
FN:160,_RNCNvMNtNtCscP9pq2ikS3v_12rust_backend11application5adminNtB4_12AdminService14list_equipment0B8_
FN:236,_RNCNvMNtNtCscP9pq2ikS3v_12rust_backend11application5adminNtB4_12AdminService15create_category0B8_
FN:291,_RNCNvMNtNtCscP9pq2ikS3v_12rust_backend11application5adminNtB4_12AdminService15delete_category0B8_
FN:101,_RNCNvMNtNtCscP9pq2ikS3v_12rust_backend11application5adminNtB4_12AdminService15get_user_detail0B8_
FN:227,_RNCNvMNtNtCscP9pq2ikS3v_12rust_backend11application5adminNtB4_12AdminService15list_categories0B8_
FN:260,_RNCNvMNtNtCscP9pq2ikS3v_12rust_backend11application5adminNtB4_12AdminService15update_category0B8_
FN:117,_RNCNvMNtNtCscP9pq2ikS3v_12rust_backend11application5adminNtB4_12AdminService16update_user_role0B8_
FN:187,_RNCNvMNtNtCscP9pq2ikS3v_12rust_backend11application5adminNtB4_12AdminService22force_delete_equipment0B8_
FN:202,_RNCNvMNtNtCscP9pq2ikS3v_12rust_backend11application5adminNtB4_12AdminService29toggle_equipment_availability0B8_
FN:42,_RNCNvMNtNtCscP9pq2ikS3v_12rust_backend11application5adminNtB4_12AdminService9get_stats0B8_
FN:62,_RNvMNtNtCscP9pq2ikS3v_12rust_backend11application5adminNtB2_12AdminService10list_users
FN:139,_RNvMNtNtCscP9pq2ikS3v_12rust_backend11application5adminNtB2_12AdminService11delete_user
FN:215,_RNvMNtNtCscP9pq2ikS3v_12rust_backend11application5adminNtB2_12AdminService13require_admin
FN:155,_RNvMNtNtCscP9pq2ikS3v_12rust_backend11application5adminNtB2_12AdminService14list_equipment
FN:232,_RNvMNtNtCscP9pq2ikS3v_12rust_backend11application5adminNtB2_12AdminService15create_category
FN:291,_RNvMNtNtCscP9pq2ikS3v_12rust_backend11application5adminNtB2_12AdminService15delete_category
FN:101,_RNvMNtNtCscP9pq2ikS3v_12rust_backend11application5adminNtB2_12AdminService15get_user_detail
FN:227,_RNvMNtNtCscP9pq2ikS3v_12rust_backend11application5adminNtB2_12AdminService15list_categories
FN:255,_RNvMNtNtCscP9pq2ikS3v_12rust_backend11application5adminNtB2_12AdminService15update_category
FN:112,_RNvMNtNtCscP9pq2ikS3v_12rust_backend11application5adminNtB2_12AdminService16update_user_role
FN:187,_RNvMNtNtCscP9pq2ikS3v_12rust_backend11application5adminNtB2_12AdminService22force_delete_equipment
FN:197,_RNvMNtNtCscP9pq2ikS3v_12rust_backend11application5adminNtB2_12AdminService29toggle_equipment_availability
FN:30,_RNvMNtNtCscP9pq2ikS3v_12rust_backend11application5adminNtB2_12AdminService3new
FN:42,_RNvMNtNtCscP9pq2ikS3v_12rust_backend11application5adminNtB2_12AdminService9get_stats
FN:30,_RNvMNtNtCs4kTbYauoumE_12rust_backend11application5adminNtB2_12AdminService3new
FN:172,_RNCNCNvMNtNtCs4kTbYauoumE_12rust_backend11application5adminNtB6_12AdminService14list_equipment00Ba_
FN:106,_RNCNCNvMNtNtCs4kTbYauoumE_12rust_backend11application5adminNtB6_12AdminService15get_user_detail00Ba_
FN:267,_RNCNCNvMNtNtCs4kTbYauoumE_12rust_backend11application5adminNtB6_12AdminService15update_category00Ba_
FN:68,_RNCNvMNtNtCs4kTbYauoumE_12rust_backend11application5adminNtB4_12AdminService10list_users0B8_
FN:139,_RNCNvMNtNtCs4kTbYauoumE_12rust_backend11application5adminNtB4_12AdminService11delete_user0B8_
FN:215,_RNCNvMNtNtCs4kTbYauoumE_12rust_backend11application5adminNtB4_12AdminService13require_admin0B8_
FN:160,_RNCNvMNtNtCs4kTbYauoumE_12rust_backend11application5adminNtB4_12AdminService14list_equipment0B8_
FN:236,_RNCNvMNtNtCs4kTbYauoumE_12rust_backend11application5adminNtB4_12AdminService15create_category0B8_
FN:291,_RNCNvMNtNtCs4kTbYauoumE_12rust_backend11application5adminNtB4_12AdminService15delete_category0B8_
FN:101,_RNCNvMNtNtCs4kTbYauoumE_12rust_backend11application5adminNtB4_12AdminService15get_user_detail0B8_
FN:227,_RNCNvMNtNtCs4kTbYauoumE_12rust_backend11application5adminNtB4_12AdminService15list_categories0B8_
FN:260,_RNCNvMNtNtCs4kTbYauoumE_12rust_backend11application5adminNtB4_12AdminService15update_category0B8_
FN:117,_RNCNvMNtNtCs4kTbYauoumE_12rust_backend11application5adminNtB4_12AdminService16update_user_role0B8_
FN:187,_RNCNvMNtNtCs4kTbYauoumE_12rust_backend11application5adminNtB4_12AdminService22force_delete_equipment0B8_
FN:202,_RNCNvMNtNtCs4kTbYauoumE_12rust_backend11application5adminNtB4_12AdminService29toggle_equipment_availability0B8_
FN:42,_RNCNvMNtNtCs4kTbYauoumE_12rust_backend11application5adminNtB4_12AdminService9get_stats0B8_
FN:62,_RNvMNtNtCs4kTbYauoumE_12rust_backend11application5adminNtB2_12AdminService10list_users
FN:139,_RNvMNtNtCs4kTbYauoumE_12rust_backend11application5adminNtB2_12AdminService11delete_user
FN:215,_RNvMNtNtCs4kTbYauoumE_12rust_backend11application5adminNtB2_12AdminService13require_admin
FN:155,_RNvMNtNtCs4kTbYauoumE_12rust_backend11application5adminNtB2_12AdminService14list_equipment
FN:232,_RNvMNtNtCs4kTbYauoumE_12rust_backend11application5adminNtB2_12AdminService15create_category
FN:291,_RNvMNtNtCs4kTbYauoumE_12rust_backend11application5adminNtB2_12AdminService15delete_category
FN:101,_RNvMNtNtCs4kTbYauoumE_12rust_backend11application5adminNtB2_12AdminService15get_user_detail
FN:227,_RNvMNtNtCs4kTbYauoumE_12rust_backend11application5adminNtB2_12AdminService15list_categories
FN:255,_RNvMNtNtCs4kTbYauoumE_12rust_backend11application5adminNtB2_12AdminService15update_category
FN:112,_RNvMNtNtCs4kTbYauoumE_12rust_backend11application5adminNtB2_12AdminService16update_user_role
FN:187,_RNvMNtNtCs4kTbYauoumE_12rust_backend11application5adminNtB2_12AdminService22force_delete_equipment
FN:197,_RNvMNtNtCs4kTbYauoumE_12rust_backend11application5adminNtB2_12AdminService29toggle_equipment_availability
FN:42,_RNvMNtNtCs4kTbYauoumE_12rust_backend11application5adminNtB2_12AdminService9get_stats
FNDA:0,_RNCNCNvMNtNtCscP9pq2ikS3v_12rust_backend11application5adminNtB6_12AdminService14list_equipment00Ba_
FNDA:0,_RNCNCNvMNtNtCscP9pq2ikS3v_12rust_backend11application5adminNtB6_12AdminService15get_user_detail00Ba_
FNDA:0,_RNCNCNvMNtNtCscP9pq2ikS3v_12rust_backend11application5adminNtB6_12AdminService15update_category00Ba_
FNDA:0,_RNCNvMNtNtCscP9pq2ikS3v_12rust_backend11application5adminNtB4_12AdminService10list_users0B8_
FNDA:0,_RNCNvMNtNtCscP9pq2ikS3v_12rust_backend11application5adminNtB4_12AdminService11delete_user0B8_
FNDA:0,_RNCNvMNtNtCscP9pq2ikS3v_12rust_backend11application5adminNtB4_12AdminService13require_admin0B8_
FNDA:0,_RNCNvMNtNtCscP9pq2ikS3v_12rust_backend11application5adminNtB4_12AdminService14list_equipment0B8_
FNDA:0,_RNCNvMNtNtCscP9pq2ikS3v_12rust_backend11application5adminNtB4_12AdminService15create_category0B8_
FNDA:0,_RNCNvMNtNtCscP9pq2ikS3v_12rust_backend11application5adminNtB4_12AdminService15delete_category0B8_
FNDA:0,_RNCNvMNtNtCscP9pq2ikS3v_12rust_backend11application5adminNtB4_12AdminService15get_user_detail0B8_
FNDA:0,_RNCNvMNtNtCscP9pq2ikS3v_12rust_backend11application5adminNtB4_12AdminService15list_categories0B8_
FNDA:0,_RNCNvMNtNtCscP9pq2ikS3v_12rust_backend11application5adminNtB4_12AdminService15update_category0B8_
FNDA:0,_RNCNvMNtNtCscP9pq2ikS3v_12rust_backend11application5adminNtB4_12AdminService16update_user_role0B8_
FNDA:0,_RNCNvMNtNtCscP9pq2ikS3v_12rust_backend11application5adminNtB4_12AdminService22force_delete_equipment0B8_
FNDA:0,_RNCNvMNtNtCscP9pq2ikS3v_12rust_backend11application5adminNtB4_12AdminService29toggle_equipment_availability0B8_
FNDA:0,_RNCNvMNtNtCscP9pq2ikS3v_12rust_backend11application5adminNtB4_12AdminService9get_stats0B8_
FNDA:0,_RNvMNtNtCscP9pq2ikS3v_12rust_backend11application5adminNtB2_12AdminService10list_users
FNDA:0,_RNvMNtNtCscP9pq2ikS3v_12rust_backend11application5adminNtB2_12AdminService11delete_user
FNDA:0,_RNvMNtNtCscP9pq2ikS3v_12rust_backend11application5adminNtB2_12AdminService13require_admin
FNDA:0,_RNvMNtNtCscP9pq2ikS3v_12rust_backend11application5adminNtB2_12AdminService14list_equipment
FNDA:0,_RNvMNtNtCscP9pq2ikS3v_12rust_backend11application5adminNtB2_12AdminService15create_category
FNDA:0,_RNvMNtNtCscP9pq2ikS3v_12rust_backend11application5adminNtB2_12AdminService15delete_category
FNDA:0,_RNvMNtNtCscP9pq2ikS3v_12rust_backend11application5adminNtB2_12AdminService15get_user_detail
FNDA:0,_RNvMNtNtCscP9pq2ikS3v_12rust_backend11application5adminNtB2_12AdminService15list_categories
FNDA:0,_RNvMNtNtCscP9pq2ikS3v_12rust_backend11application5adminNtB2_12AdminService15update_category
FNDA:0,_RNvMNtNtCscP9pq2ikS3v_12rust_backend11application5adminNtB2_12AdminService16update_user_role
FNDA:0,_RNvMNtNtCscP9pq2ikS3v_12rust_backend11application5adminNtB2_12AdminService22force_delete_equipment
FNDA:0,_RNvMNtNtCscP9pq2ikS3v_12rust_backend11application5adminNtB2_12AdminService29toggle_equipment_availability
FNDA:27,_RNvMNtNtCscP9pq2ikS3v_12rust_backend11application5adminNtB2_12AdminService3new
FNDA:0,_RNvMNtNtCscP9pq2ikS3v_12rust_backend11application5adminNtB2_12AdminService9get_stats
FNDA:3,_RNvMNtNtCs4kTbYauoumE_12rust_backend11application5adminNtB2_12AdminService3new
FNDA:0,_RNCNCNvMNtNtCs4kTbYauoumE_12rust_backend11application5adminNtB6_12AdminService14list_equipment00Ba_
FNDA:0,_RNCNCNvMNtNtCs4kTbYauoumE_12rust_backend11application5adminNtB6_12AdminService15get_user_detail00Ba_
FNDA:0,_RNCNCNvMNtNtCs4kTbYauoumE_12rust_backend11application5adminNtB6_12AdminService15update_category00Ba_
FNDA:0,_RNCNvMNtNtCs4kTbYauoumE_12rust_backend11application5adminNtB4_12AdminService10list_users0B8_
FNDA:0,_RNCNvMNtNtCs4kTbYauoumE_12rust_backend11application5adminNtB4_12AdminService11delete_user0B8_
FNDA:0,_RNCNvMNtNtCs4kTbYauoumE_12rust_backend11application5adminNtB4_12AdminService13require_admin0B8_
FNDA:0,_RNCNvMNtNtCs4kTbYauoumE_12rust_backend11application5adminNtB4_12AdminService14list_equipment0B8_
[...]
FN:539,_RNvNtNtNtCs4kTbYauoumE_12rust_backend5utils10auth0_jwks5testss_65validate_auth0_token_maps_key_resolution_failures_to_unauthorized
FN:311,_RNvXNtNtNtCs4kTbYauoumE_12rust_backend5utils10auth0_jwks5testsNtB2_20CountingJwksProviderNtB4_12JwksProvider16get_decoding_key
FN:323,_RNvXs_NtNtNtCs4kTbYauoumE_12rust_backend5utils10auth0_jwks5testsNtB4_18StaticJwksProviderNtB6_12JwksProvider16get_decoding_key
FN:73,_RNvMNtNtCs4kTbYauoumE_12rust_backend5utils10auth0_jwksNtB2_15Auth0JwksClient10fetch_jwks
FN:69,_RNvMNtNtCs4kTbYauoumE_12rust_backend5utils10auth0_jwksNtB2_15Auth0JwksClient15get_signing_key
FN:157,_RNvMNtNtCs4kTbYauoumE_12rust_backend5utils10auth0_jwksNtB2_15Auth0JwksClient16get_decoding_key
FN:135,_RNvMNtNtCs4kTbYauoumE_12rust_backend5utils10auth0_jwksNtB2_15Auth0JwksClient16get_key_material
FN:110,_RNvMNtNtCs4kTbYauoumE_12rust_backend5utils10auth0_jwksNtB2_15Auth0JwksClient19jwk_to_key_material
FN:50,_RNvMNtNtCs4kTbYauoumE_12rust_backend5utils10auth0_jwksNtB2_15Auth0JwksClient3new
FN:196,_RNvNtNtCs4kTbYauoumE_12rust_backend5utils10auth0_jwks20validate_auth0_token
FN:386,_RNCNvNtNtNtCs4kTbYauoumE_12rust_backend5utils10auth0_jwks5tests26spawn_one_shot_jwks_server0B9_
FN:581,_RNCNvNtNtNtCs4kTbYauoumE_12rust_backend5utils10auth0_jwks5testss_49get_signing_key_returns_cached_value_on_cache_hit0B9_
FN:526,_RNCNvNtNtNtCs4kTbYauoumE_12rust_backend5utils10auth0_jwks5testss_53validate_auth0_token_rejects_token_without_kid_header0B9_
FN:552,_RNCNvNtNtNtCs4kTbYauoumE_12rust_backend5utils10auth0_jwks5testss_56validate_auth0_token_fails_when_issuer_is_not_configured0B9_
FN:666,_RNCNvNtNtNtCs4kTbYauoumE_12rust_backend5utils10auth0_jwks5testss_56validate_auth0_token_maps_invalid_issuer_to_unauthorized0B9_
FN:618,_RNCNvNtNtNtCs4kTbYauoumE_12rust_backend5utils10auth0_jwks5testss_58get_decoding_key_returns_error_for_invalid_base64_exponent0B9_
FN:567,_RNCNvNtNtNtCs4kTbYauoumE_12rust_backend5utils10auth0_jwks5testss_58validate_auth0_token_fails_when_audience_is_not_configured0B9_
FN:683,_RNCNvNtNtNtCs4kTbYauoumE_12rust_backend5utils10auth0_jwks5testss_58validate_auth0_token_maps_invalid_audience_to_unauthorized0B9_
FN:700,_RNCNvNtNtNtCs4kTbYauoumE_12rust_backend5utils10auth0_jwks5testss_59validate_auth0_token_maps_invalid_signature_to_unauthorized0B9_
FN:649,_RNCNvNtNtNtCs4kTbYauoumE_12rust_backend5utils10auth0_jwks5testss_60validate_auth0_token_maps_expired_signature_to_token_expired0B9_
FN:631,_RNCNvNtNtNtCs4kTbYauoumE_12rust_backend5utils10auth0_jwks5testss_63get_decoding_key_reuses_cached_material_without_refetching_jwks0B9_
FN:514,_RNCNvNtNtNtCs4kTbYauoumE_12rust_backend5utils10auth0_jwks5testss_64validate_auth0_token_rejects_malformed_token_without_jwks_lookup0B9_
FN:539,_RNCNvNtNtNtCs4kTbYauoumE_12rust_backend5utils10auth0_jwks5testss_65validate_auth0_token_maps_key_resolution_failures_to_unauthorized0B9_
FN:177,_RNvXs4_NtNtCs4kTbYauoumE_12rust_backend5utils10auth0_jwksNtB5_15Auth0JwksClientNtB5_12JwksProvider16get_decoding_key
FN:188,_RNvXs5_NtNtCs4kTbYauoumE_12rust_backend5utils10auth0_jwksNtB5_20DisabledJwksProviderNtB5_12JwksProvider16get_decoding_key
FN:74,_RNCNCNvMNtNtCs4kTbYauoumE_12rust_backend5utils10auth0_jwksNtB6_15Auth0JwksClient10fetch_jwks00Ba_
FN:98,_RNCNCNvMNtNtCs4kTbYauoumE_12rust_backend5utils10auth0_jwksNtB6_15Auth0JwksClient10fetch_jwks0s_0Ba_
FN:164,_RNCNCNvMNtNtCs4kTbYauoumE_12rust_backend5utils10auth0_jwksNtB6_15Auth0JwksClient16get_decoding_key00Ba_
FN:142,_RNCNCNvMNtNtCs4kTbYauoumE_12rust_backend5utils10auth0_jwksNtB6_15Auth0JwksClient16get_key_material00Ba_
FN:142,_RNCNCNvMNtNtCs4kTbYauoumE_12rust_backend5utils10auth0_jwksNtB6_15Auth0JwksClient16get_key_material0s_0Ba_
FN:201,_RNCNCNvNtNtCs4kTbYauoumE_12rust_backend5utils10auth0_jwks20validate_auth0_token00B9_
FN:218,_RNCNCNvNtNtCs4kTbYauoumE_12rust_backend5utils10auth0_jwks20validate_auth0_token0s0_0B9_
FN:228,_RNCNCNvNtNtCs4kTbYauoumE_12rust_backend5utils10auth0_jwks20validate_auth0_token0s1_0B9_
FN:233,_RNCNCNvNtNtCs4kTbYauoumE_12rust_backend5utils10auth0_jwks20validate_auth0_token0s2_0B9_
FN:239,_RNCNCNvNtNtCs4kTbYauoumE_12rust_backend5utils10auth0_jwks20validate_auth0_token0s3_0B9_
FN:210,_RNCNCNvNtNtCs4kTbYauoumE_12rust_backend5utils10auth0_jwks20validate_auth0_token0s_0B9_
FN:73,_RNCNvMNtNtCs4kTbYauoumE_12rust_backend5utils10auth0_jwksNtB4_15Auth0JwksClient10fetch_jwks0B8_
FN:69,_RNCNvMNtNtCs4kTbYauoumE_12rust_backend5utils10auth0_jwksNtB4_15Auth0JwksClient15get_signing_key0B8_
FN:157,_RNCNvMNtNtCs4kTbYauoumE_12rust_backend5utils10auth0_jwksNtB4_15Auth0JwksClient16get_decoding_key0B8_
FN:135,_RNCNvMNtNtCs4kTbYauoumE_12rust_backend5utils10auth0_jwksNtB4_15Auth0JwksClient16get_key_material0B8_
FN:111,_RNCNvMNtNtCs4kTbYauoumE_12rust_backend5utils10auth0_jwksNtB4_15Auth0JwksClient19jwk_to_key_material0B8_
FN:120,_RNCNvMNtNtCs4kTbYauoumE_12rust_backend5utils10auth0_jwksNtB4_15Auth0JwksClient19jwk_to_key_materials_0B8_
FN:51,_RNCNvMNtNtCs4kTbYauoumE_12rust_backend5utils10auth0_jwksNtB4_15Auth0JwksClient3new0B8_
FN:200,_RNCNvNtNtCs4kTbYauoumE_12rust_backend5utils10auth0_jwks20validate_auth0_token0B7_
FNDA:0,_RNCNvMNtNtCscP9pq2ikS3v_12rust_backend5utils10auth0_jwksNtB4_15Auth0JwksClient15get_signing_key0B8_
FNDA:0,_RNCNCNvMNtNtCscP9pq2ikS3v_12rust_backend5utils10auth0_jwksNtB6_15Auth0JwksClient10fetch_jwks00Ba_
FNDA:0,_RNCNCNvMNtNtCscP9pq2ikS3v_12rust_backend5utils10auth0_jwksNtB6_15Auth0JwksClient10fetch_jwks0s_0Ba_
FNDA:0,_RNCNCNvMNtNtCscP9pq2ikS3v_12rust_backend5utils10auth0_jwksNtB6_15Auth0JwksClient16get_decoding_key00Ba_
FNDA:0,_RNCNCNvMNtNtCscP9pq2ikS3v_12rust_backend5utils10auth0_jwksNtB6_15Auth0JwksClient16get_key_material00Ba_
FNDA:0,_RNCNCNvMNtNtCscP9pq2ikS3v_12rust_backend5utils10auth0_jwksNtB6_15Auth0JwksClient16get_key_material0s_0Ba_
FNDA:0,_RNCNCNvNtNtCscP9pq2ikS3v_12rust_backend5utils10auth0_jwks20validate_auth0_token00B9_
FNDA:0,_RNCNCNvNtNtCscP9pq2ikS3v_12rust_backend5utils10auth0_jwks20validate_auth0_token0s0_0B9_
FNDA:0,_RNCNCNvNtNtCscP9pq2ikS3v_12rust_backend5utils10auth0_jwks20validate_auth0_token0s1_0B9_
FNDA:0,_RNCNCNvNtNtCscP9pq2ikS3v_12rust_backend5utils10auth0_jwks20validate_auth0_token0s2_0B9_
FNDA:0,_RNCNCNvNtNtCscP9pq2ikS3v_12rust_backend5utils10auth0_jwks20validate_auth0_token0s3_0B9_
FNDA:0,_RNCNCNvNtNtCscP9pq2ikS3v_12rust_backend5utils10auth0_jwks20validate_auth0_token0s_0B9_
FNDA:0,_RNCNvMNtNtCscP9pq2ikS3v_12rust_backend5utils10auth0_jwksNtB4_15Auth0JwksClient10fetch_jwks0B8_
FNDA:0,_RNCNvMNtNtCscP9pq2ikS3v_12rust_backend5utils10auth0_jwksNtB4_15Auth0JwksClient16get_decoding_key0B8_
FNDA:0,_RNCNvMNtNtCscP9pq2ikS3v_12rust_backend5utils10auth0_jwksNtB4_15Auth0JwksClient16get_key_material0B8_
FNDA:0,_RNCNvMNtNtCscP9pq2ikS3v_12rust_backend5utils10auth0_jwksNtB4_15Auth0JwksClient19jwk_to_key_material0B8_
FNDA:0,_RNCNvMNtNtCscP9pq2ikS3v_12rust_backend5utils10auth0_jwksNtB4_15Auth0JwksClient19jwk_to_key_materials_0B8_
FNDA:1,_RNCNvMNtNtCscP9pq2ikS3v_12rust_backend5utils10auth0_jwksNtB4_15Auth0JwksClient3new0B8_
FNDA:0,_RNCNvNtNtCscP9pq2ikS3v_12rust_backend5utils10auth0_jwks20validate_auth0_token0B7_
FNDA:0,_RNvMNtNtCscP9pq2ikS3v_12rust_backend5utils10auth0_jwksNtB2_15Auth0JwksClient10fetch_jwks
FNDA:0,_RNvMNtNtCscP9pq2ikS3v_12rust_backend5utils10auth0_jwksNtB2_15Auth0JwksClient15get_signing_key
FNDA:0,_RNvMNtNtCscP9pq2ikS3v_12rust_backend5utils10auth0_jwksNtB2_15Auth0JwksClient16get_decoding_key
FNDA:0,_RNvMNtNtCscP9pq2ikS3v_12rust_backend5utils10auth0_jwksNtB2_15Auth0JwksClient16get_key_material
FNDA:0,_RNvMNtNtCscP9pq2ikS3v_12rust_backend5utils10auth0_jwksNtB2_15Auth0JwksClient19jwk_to_key_material
FNDA:2,_RNvMNtNtCscP9pq2ikS3v_12rust_backend5utils10auth0_jwksNtB2_15Auth0JwksClient3new
FNDA:0,_RNvNtNtCscP9pq2ikS3v_12rust_backend5utils10auth0_jwks20validate_auth0_token
FNDA:0,_RNvXs4_NtNtCscP9pq2ikS3v_12rust_backend5utils10auth0_jwksNtB5_15Auth0JwksClientNtB5_12JwksProvider16get_decoding_key
FNDA:1,_RNvXs5_NtNtCscP9pq2ikS3v_12rust_backend5utils10auth0_jwksNtB5_20DisabledJwksProviderNtB5_12JwksProvider16get_decoding_key
FNDA:8,_RNvNtNtNtCs4kTbYauoumE_12rust_backend5utils10auth0_jwks5tests11test_claims
FNDA:14,_RNvNtNtNtCs4kTbYauoumE_12rust_backend5utils10auth0_jwks5tests11test_config
FNDA:1,_RNvNtNtNtCs4kTbYauoumE_12rust_backend5utils10auth0_jwks5tests16tamper_signature
FNDA:4,_RNvNtNtNtCs4kTbYauoumE_12rust_backend5utils10auth0_jwks5tests18create_hs256_token
FNDA:4,_RNvNtNtNtCs4kTbYauoumE_12rust_backend5utils10auth0_jwks5tests18create_rs256_token
FNDA:2,_RNvNtNtNtCs4kTbYauoumE_12rust_backend5utils10auth0_jwks5tests26spawn_one_shot_jwks_server
FNDA:1,_RNvNtNtNtCs4kTbYauoumE_12rust_backend5utils10auth0_jwks5testss_25issuer_fallback_to_domain
FNDA:1,_RNvNtNtNtCs4kTbYauoumE_12rust_backend5utils10auth0_jwks5testss_26jwk_deserializes_correctly
FNDA:1,_RNvNtNtNtCs4kTbYauoumE_12rust_backend5utils10auth0_jwks5testss_27jwks_deserializes_correctly
FNDA:1,_RNvNtNtNtCs4kTbYauoumE_12rust_backend5utils10auth0_jwks5testss_32jwks_client_fails_without_domain
FNDA:1,_RNvNtNtNtCs4kTbYauoumE_12rust_backend5utils10auth0_jwks5testss_34jwks_client_constructs_correct_url
FNDA:1,_RNvNtNtNtCs4kTbYauoumE_12rust_backend5utils10auth0_jwks5testss_37aud_single_contains_matching_audience
FNDA:1,_RNvNtNtNtCs4kTbYauoumE_12rust_backend5utils10auth0_jwks5testss_39aud_multiple_contains_matching_audience
FNDA:1,_RNvNtNtNtCs4kTbYauoumE_12rust_backend5utils10auth0_jwks5testss_49get_signing_key_returns_cached_value_on_cache_hit
FNDA:1,_RNvNtNtNtCs4kTbYauoumE_12rust_backend5utils10auth0_jwks5testss_53validate_auth0_token_rejects_token_without_kid_header
FNDA:1,_RNvNtNtNtCs4kTbYauoumE_12rust_backend5utils10auth0_jwks5testss_56validate_auth0_token_fails_when_issuer_is_not_configured
FNDA:1,_RNvNtNtNtCs4kTbYauoumE_12rust_backend5utils10auth0_jwks5testss_56validate_auth0_token_maps_invalid_issuer_to_unauthorized
FNDA:1,_RNvNtNtNtCs4kTbYauoumE_12rust_backend5utils10auth0_jwks5testss_58get_decoding_key_returns_error_for_invalid_base64_exponent
FNDA:1,_RNvNtNtNtCs4kTbYauoumE_12rust_backend5utils10auth0_jwks5testss_58validate_auth0_token_fails_when_audience_is_not_configured
FNDA:1,_RNvNtNtNtCs4kTbYauoumE_12rust_backend5utils10auth0_jwks5testss_58validate_auth0_token_maps_invalid_audience_to_unauthorized
FNDA:1,_RNvNtNtNtCs4kTbYauoumE_12rust_backend5utils10auth0_jwks5testss_59validate_auth0_token_maps_invalid_signature_to_unauthorized
FNDA:1,_RNvNtNtNtCs4kTbYauoumE_12rust_backend5utils10auth0_jwks5testss_60jwk_to_key_material_returns_error_for_invalid_base64_modulus
FNDA:1,_RNvNtNtNtCs4kTbYauoumE_12rust_backend5utils10auth0_jwks5testss_60validate_auth0_token_maps_expired_signature_to_token_expired
FNDA:1,_RNvNtNtNtCs4kTbYauoumE_12rust_backend5utils10auth0_jwks5testss_63get_decoding_key_reuses_cached_material_without_refetching_jwks
FNDA:1,_RNvNtNtNtCs4kTbYauoumE_12rust_backend5utils10auth0_jwks5testss_64validate_auth0_token_rejects_malformed_token_without_jwks_lookup
FNDA:1,_RNvNtNtNtCs4kTbYauoumE_12rust_backend5utils10auth0_jwks5testss_65validate_auth0_token_maps_key_resolution_failures_to_unauthorized
FNDA:1,_RNvXNtNtNtCs4kTbYauoumE_12rust_backend5utils10auth0_jwks5testsNtB2_20CountingJwksProviderNtB4_12JwksProvider16get_decoding_key
FNDA:6,_RNvXs_NtNtNtCs4kTbYauoumE_12rust_backend5utils10auth0_jwks5testsNtB4_18StaticJwksProviderNtB6_12JwksProvider16get_decoding_key
FNDA:2,_RNvMNtNtCs4kTbYauoumE_12rust_backend5utils10auth0_jwksNtB2_15Auth0JwksClient10fetch_jwks
FNDA:1,_RNvMNtNtCs4kTbYauoumE_12rust_backend5utils10auth0_jwksNtB2_15Auth0JwksClient15get_signing_key
FNDA:3,_RNvMNtNtCs4kTbYauoumE_12rust_backend5utils10auth0_jwksNtB2_15Auth0JwksClient16get_decoding_key
FNDA:4,_RNvMNtNtCs4kTbYauoumE_12rust_backend5utils10auth0_jwksNtB2_15Auth0JwksClient16get_key_material
FNDA:3,_RNvMNtNtCs4kTbYauoumE_12rust_backend5utils10auth0_jwksNtB2_15Auth0JwksClient19jwk_to_key_material
FNDA:8,_RNvMNtNtCs4kTbYauoumE_12rust_backend5utils10auth0_jwksNtB2_15Auth0JwksClient3new
FNDA:10,_RNvNtNtCs4kTbYauoumE_12rust_backend5utils10auth0_jwks20validate_auth0_token
FNDA:2,_RNCNvNtNtNtCs4kTbYauoumE_12rust_backend5utils10auth0_jwks5tests26spawn_one_shot_jwks_server0B9_
FNDA:1,_RNCNvNtNtNtCs4kTbYauoumE_12rust_backend5utils10auth0_jwks5testss_49get_signing_key_returns_cached_value_on_cache_hit0B9_
FNDA:1,_RNCNvNtNtNtCs4kTbYauoumE_12rust_backend5utils10auth0_jwks5testss_53validate_auth0_token_rejects_token_without_kid_header0B9_
FNDA:1,_RNCNvNtNtNtCs4kTbYauoumE_12rust_backend5utils10auth0_jwks5testss_56validate_auth0_token_fails_when_issuer_is_not_configured0B9_
FNDA:1,_RNCNvNtNtNtCs4kTbYauoumE_12rust_backend5utils10auth0_jwks5testss_56validate_auth0_token_maps_invalid_issuer_to_unauthorized0B9_
FNDA:1,_RNCNvNtNtNtCs4kTbYauoumE_12rust_backend5utils10auth0_jwks5testss_58get_decoding_key_returns_error_for_invalid_base64_exponent0B9_
FNDA:1,_RNCNvNtNtNtCs4kTbYauoumE_12rust_backend5utils10auth0_jwks5testss_58validate_auth0_token_fails_when_audience_is_not_configured0B9_
FNDA:1,_RNCNvNtNtNtCs4kTbYauoumE_12rust_backend5utils10auth0_jwks5testss_58validate_auth0_token_maps_invalid_audience_to_unauthorized0B9_
FNDA:1,_RNCNvNtNtNtCs4kTbYauoumE_12rust_backend5utils10auth0_jwks5testss_59validate_auth0_token_maps_invalid_signature_to_unauthorized0B9_
FNDA:1,_RNCNvNtNtNtCs4kTbYauoumE_12rust_backend5utils10auth0_jwks5testss_60validate_auth0_token_maps_expired_signature_to_token_expired0B9_
FNDA:1,_RNCNvNtNtNtCs4kTbYauoumE_12rust_backend5utils10auth0_jwks5testss_63get_decoding_key_reuses_cached_material_without_refetching_jwks0B9_
FNDA:1,_RNCNvNtNtNtCs4kTbYauoumE_12rust_backend5utils10auth0_jwks5testss_64validate_auth0_token_rejects_malformed_token_without_jwks_lookup0B9_
FNDA:1,_RNCNvNtNtNtCs4kTbYauoumE_12rust_backend5utils10auth0_jwks5testss_65validate_auth0_token_maps_key_resolution_failures_to_unauthorized0B9_
FNDA:0,_RNvXs4_NtNtCs4kTbYauoumE_12rust_backend5utils10auth0_jwksNtB5_15Auth0JwksClientNtB5_12JwksProvider16get_decoding_key
FNDA:0,_RNvXs5_NtNtCs4kTbYauoumE_12rust_backend5utils10auth0_jwksNtB5_20DisabledJwksProviderNtB5_12JwksProvider16get_decoding_key
FNDA:0,_RNCNCNvMNtNtCs4kTbYauoumE_12rust_backend5utils10auth0_jwksNtB6_15Auth0JwksClient10fetch_jwks00Ba_
FNDA:0,_RNCNCNvMNtNtCs4kTbYauoumE_12rust_backend5utils10auth0_jwksNtB6_15Auth0JwksClient10fetch_jwks0s_0Ba_
FNDA:0,_RNCNCNvMNtNtCs4kTbYauoumE_12rust_backend5utils10auth0_jwksNtB6_15Auth0JwksClient16get_decoding_key00Ba_
FNDA:2,_RNCNCNvMNtNtCs4kTbYauoumE_12rust_backend5utils10auth0_jwksNtB6_15Auth0JwksClient16get_key_material00Ba_
FNDA:0,_RNCNCNvMNtNtCs4kTbYauoumE_12rust_backend5utils10auth0_jwksNtB6_15Auth0JwksClient16get_key_material0s_0Ba_
FNDA:1,_RNCNCNvNtNtCs4kTbYauoumE_12rust_backend5utils10auth0_jwks20validate_auth0_token00B9_
FNDA:1,_RNCNCNvNtNtCs4kTbYauoumE_12rust_backend5utils10auth0_jwks20validate_auth0_token0s0_0B9_
FNDA:1,_RNCNCNvNtNtCs4kTbYauoumE_12rust_backend5utils10auth0_jwks20validate_auth0_token0s1_0B9_
FNDA:1,_RNCNCNvNtNtCs4kTbYauoumE_12rust_backend5utils10auth0_jwks20validate_auth0_token0s2_0B9_
FNDA:4,_RNCNCNvNtNtCs4kTbYauoumE_12rust_backend5utils10auth0_jwks20validate_auth0_token0s3_0B9_
FNDA:1,_RNCNCNvNtNtCs4kTbYauoumE_12rust_backend5utils10auth0_jwks20validate_auth0_token0s_0B9_
FNDA:2,_RNCNvMNtNtCs4kTbYauoumE_12rust_backend5utils10auth0_jwksNtB4_15Auth0JwksClient10fetch_jwks0B8_
FNDA:1,_RNCNvMNtNtCs4kTbYauoumE_12rust_backend5utils10auth0_jwksNtB4_15Auth0JwksClient15get_signing_key0B8_
FNDA:3,_RNCNvMNtNtCs4kTbYauoumE_12rust_backend5utils10auth0_jwksNtB4_15Auth0JwksClient16get_decoding_key0B8_
FNDA:4,_RNCNvMNtNtCs4kTbYauoumE_12rust_backend5utils10auth0_jwksNtB4_15Auth0JwksClient16get_key_material0B8_
FNDA:1,_RNCNvMNtNtCs4kTbYauoumE_12rust_backend5utils10auth0_jwksNtB4_15Auth0JwksClient19jwk_to_key_material0B8_
FNDA:1,_RNCNvMNtNtCs4kTbYauoumE_12rust_backend5utils10auth0_jwksNtB4_15Auth0JwksClient19jwk_to_key_materials_0B8_
FNDA:1,_RNCNvMNtNtCs4kTbYauoumE_12rust_backend5utils10auth0_jwksNtB4_15Auth0JwksClient3new0B8_
FNDA:10,_RNCNvNtNtCs4kTbYauoumE_12rust_backend5utils10auth0_jwks20validate_auth0_token0B7_
FNF:69
FNH:64
DA:50,10
DA:51,10
DA:52,2
DA:53,2
DA:55,8
DA:57,8
DA:58,8
DA:59,8
DA:60,8
DA:62,8
DA:63,8
DA:64,8
DA:65,8
DA:66,8
DA:67,10
DA:69,1
DA:70,1
DA:71,1
DA:73,2
DA:74,2
DA:75,0
DA:81,0
DA:82,0
DA:84,2
DA:85,0
DA:86,0
DA:92,0
DA:93,0
DA:94,0
DA:95,0
DA:96,2
DA:98,2
DA:99,0
DA:104,0
DA:105,0
DA:107,2
DA:108,2
DA:110,3
DA:111,3
DA:112,1
DA:117,1
DA:118,1
DA:120,2
DA:121,1
DA:126,1
DA:127,1
DA:129,1
DA:130,1
DA:131,1
DA:132,1
DA:133,3
DA:135,4
DA:136,4
DA:137,2
DA:138,2
DA:140,2
DA:142,2
DA:143,0
DA:145,0
DA:149,0
DA:150,0
DA:152,2
DA:153,1
DA:154,1
DA:155,4
DA:157,3
DA:158,3
DA:160,2
DA:161,2
DA:162,2
DA:164,2
DA:165,0
DA:170,0
DA:171,0
DA:172,3
DA:177,0
DA:179,0
DA:188,1
DA:193,1
DA:196,10
DA:197,10
DA:198,10
DA:199,10
DA:200,10
DA:201,10
DA:202,1
DA:207,1
DA:208,1
DA:210,9
DA:211,1
DA:215,1
DA:216,1
DA:218,8
DA:219,1
DA:220,0
DA:222,1
DA:224,1
DA:226,7
DA:227,7
DA:228,7
DA:230,6
DA:231,6
DA:232,6
DA:233,6
DA:235,5
DA:236,5
DA:237,5
DA:239,5
DA:240,4
DA:241,4
DA:243,1
DA:244,1
DA:247,0
DA:251,0
DA:254,1
DA:259,1
DA:262,1
DA:267,1
DA:270,1
DA:274,1
DA:277,0
DA:282,0
DA:285,4
DA:287,1
DA:288,10
DA:311,1
DA:314,1
DA:323,6
DA:325,6
DA:328,8
DA:329,8
DA:330,8
DA:331,8
DA:332,8
DA:333,8
DA:334,8
DA:335,8
DA:336,8
DA:337,8
DA:338,8
DA:339,8
DA:340,8
DA:341,8
DA:343,4
DA:344,4
DA:345,4
DA:346,4
DA:347,4
DA:348,4
DA:349,4
DA:350,4
DA:351,4
DA:352,4
DA:353,4
DA:355,4
DA:356,4
DA:358,4
DA:359,4
DA:360,4
DA:361,4
DA:362,4
DA:363,4
DA:364,4
DA:365,4
DA:367,4
DA:368,4
DA:370,1
DA:371,1
DA:372,1
DA:373,1
DA:374,1
DA:375,1
DA:376,1
DA:377,1
DA:378,1
DA:379,1
DA:380,1
DA:381,1
DA:383,2
DA:384,2
DA:385,2
DA:386,2
DA:387,2
DA:388,2
DA:389,2
DA:390,2
DA:391,2
DA:392,2
DA:393,2
DA:394,2
DA:395,2
DA:396,2
DA:397,2
DA:398,2
DA:399,2
DA:402,1
DA:403,1
DA:404,1
DA:405,1
DA:406,1
DA:409,1
DA:410,1
DA:411,1
DA:412,1
DA:413,1
DA:414,1
DA:416,14
DA:417,14
DA:418,14
DA:419,14
DA:420,14
DA:421,14
DA:422,14
DA:423,14
DA:424,14
DA:425,14
DA:426,14
DA:429,1
DA:430,1
DA:431,1
DA:432,1
DA:436,1
DA:439,1
DA:440,1
DA:441,1
DA:442,1
DA:443,1
DA:444,1
DA:445,1
DA:446,1
DA:447,1
DA:448,1
DA:449,1
DA:450,1
DA:451,1
DA:454,1
DA:455,1
DA:456,1
DA:457,1
DA:458,1
DA:459,1
DA:460,1
DA:461,1
DA:462,1
DA:463,1
DA:464,1
DA:465,1
DA:466,1
DA:468,1
DA:471,1
DA:472,1
DA:473,1
DA:474,1
DA:475,1
DA:476,1
DA:477,1
DA:478,1
DA:479,1
DA:481,1
DA:482,1
DA:483,1
DA:484,1
DA:485,1
DA:486,1
DA:489,1
DA:490,1
DA:491,1
DA:492,1
DA:493,1
DA:494,1
DA:495,1
DA:496,1
DA:497,1
DA:498,1
DA:499,1
DA:500,1
DA:501,1
DA:502,1
DA:503,1
DA:504,1
DA:505,1
DA:507,1
DA:508,1
DA:509,1
DA:510,1
DA:511,1
DA:514,1
DA:515,1
DA:516,1
DA:517,1
DA:519,1
DA:521,1
DA:522,1
DA:523,1
DA:526,1
DA:527,1
DA:528,1
DA:529,1
DA:531,1
DA:532,1
DA:534,1
DA:535,1
DA:536,1
DA:539,1
DA:540,1
DA:541,1
DA:542,1
DA:543,1
DA:545,1
DA:547,1
DA:548,1
DA:549,1
DA:552,1
DA:553,1
DA:554,1
DA:555,1
DA:556,1
DA:557,1
DA:558,1
DA:559,1
DA:561,1
DA:563,1
DA:564,1
DA:567,1
DA:568,1
DA:569,1
DA:570,1
DA:571,1
DA:572,1
DA:573,1
DA:575,1
DA:577,1
DA:578,1
DA:581,1
DA:582,1
DA:583,1
DA:584,1
DA:585,1
DA:586,1
DA:587,1
DA:588,1
DA:589,1
DA:590,1
DA:591,1
DA:592,1
DA:593,1
DA:594,1
DA:596,1
DA:598,1
DA:599,1
DA:602,1
DA:603,1
DA:604,1
DA:605,1
DA:606,1
DA:607,1
DA:608,1
DA:609,1
DA:610,1
DA:611,1
DA:613,1
DA:614,1
DA:615,1
DA:618,1
DA:619,1
DA:620,1
DA:621,1
DA:622,1
DA:623,1
DA:626,1
DA:627,1
DA:628,1
DA:631,1
DA:632,1
DA:633,1
DA:635,1
DA:636,1
DA:637,1
DA:640,1
DA:641,1
DA:643,1
DA:644,1
DA:645,1
DA:646,1
DA:649,1
DA:650,1
DA:651,1
DA:652,1
DA:653,1
DA:654,1
DA:656,1
DA:657,1
DA:658,1
DA:659,1
DA:661,1
DA:662,1
DA:663,1
DA:666,1
DA:667,1
DA:668,1
DA:669,1
DA:670,1
DA:671,1
DA:673,1
DA:674,1
DA:675,1
DA:676,1
DA:678,1
DA:679,1
DA:680,1
DA:683,1
DA:684,1
DA:685,1
DA:686,1
DA:687,1
DA:688,1
DA:690,1
DA:691,1
DA:692,1
DA:693,1
DA:695,1
DA:696,1
DA:697,1
DA:700,1
DA:701,1
DA:702,1
DA:703,1
DA:704,1
DA:705,1
DA:707,1
DA:708,1
DA:709,1
DA:710,1
DA:711,1
DA:713,1
DA:714,1
DA:715,1
BRF:0
BRH:0
LF:491
LH:458
end_of_record